#-----------------------------------------------------------
# Vivado v2024.2 (64-bit)
# SW Build 5239630 on Fri Nov 08 22:35:27 MST 2024
# IP Build 5239520 on Sun Nov 10 16:12:51 MST 2024
# SharedData Build 5239561 on Fri Nov 08 14:39:27 MST 2024
# Start of session at: Fri Feb 21 15:15:30 2025
# Process ID         : 27128
# Current directory  : D:/LAB2_buggy_v2
# Command line       : vivado.exe -gui_launcher_event rodinguilauncherevent17712 D:\LAB2_buggy_v2\LAB2_buggy.xpr
# Log file           : D:/LAB2_buggy_v2/vivado.log
# Journal file       : D:/LAB2_buggy_v2\vivado.jou
# Running On         : LAPTOP-T4A93B1T
# Platform           : Windows Server 2016 or Windows 10
# Operating System   : 19045
# Processor Detail   : Intel(R) Core(TM) i7-10750H CPU @ 2.60GHz
# CPU Frequency      : 2592 MHz
# CPU Physical cores : 6
# CPU Logical cores  : 12
# Host memory        : 16945 MB
# Swap memory        : 3355 MB
# Total Virtual      : 20300 MB
# Available Virtual  : 7832 MB
#-----------------------------------------------------------
start_gui
open_project D:/LAB2_buggy_v2/LAB2_buggy.xpr
INFO: [Project 1-313] Project file moved from 'C:/Users/Ege/Desktop/LAB2_buggy' since last save.
INFO: [filemgmt 56-3] Default IP Output Path : Could not find the directory 'D:/LAB2_buggy_v2/LAB2_buggy.gen/sources_1'.
Scanning sources...
Finished scanning sources
INFO: [Project 1-230] Project 'LAB2_buggy.xpr' upgraded for this version of Vivado.
INFO: [IP_Flow 19-234] Refreshing IP repositories
INFO: [IP_Flow 19-1704] No user IP repositories specified
INFO: [IP_Flow 19-2313] Loaded Vivado IP repository 'D:/ProgramFiles/Vivado/2024.2/data/ip'.
update_compile_order -fileset sources_1
WARNING: [filemgmt 56-199] Attempt to get parsing info during refresh. "On-the-fly" syntax checking information may be incorrect. [D:\LAB2_buggy_v2\LAB2_buggy.srcs\sources_1\new\sub_module2.vhd:]
WARNING: [filemgmt 56-199] Attempt to get parsing info during refresh. "On-the-fly" syntax checking information may be incorrect. [D:\LAB2_buggy_v2\LAB2_buggy.srcs\sources_1\new\sub_module1.vhd:]
WARNING: [filemgmt 56-199] Attempt to get parsing info during refresh. "On-the-fly" syntax checking information may be incorrect. [D:\LAB2_buggy_v2\LAB2_buggy.srcs\sources_1\new\sub_module1.vhd:]
WARNING: [filemgmt 56-199] Attempt to get parsing info during refresh. "On-the-fly" syntax checking information may be incorrect. [D:\LAB2_buggy_v2\LAB2_buggy.srcs\sources_1\new\sub_module1.vhd:]
ERROR: [Common 17-180] Spawn failed: No error
WARNING: [filemgmt 56-199] Attempt to get parsing info during refresh. "On-the-fly" syntax checking information may be incorrect. [D:\LAB2_buggy_v2\LAB2_buggy.srcs\sources_1\new\sub_module2.vhd:]
WARNING: [filemgmt 56-199] Attempt to get parsing info during refresh. "On-the-fly" syntax checking information may be incorrect. [D:\LAB2_buggy_v2\LAB2_buggy.srcs\sources_1\new\sub_module1.vhd:]
WARNING: [filemgmt 56-199] Attempt to get parsing info during refresh. "On-the-fly" syntax checking information may be incorrect. [D:\LAB2_buggy_v2\LAB2_buggy.srcs\sources_1\new\top_module.vhd:]
WARNING: [filemgmt 56-199] Attempt to get parsing info during refresh. "On-the-fly" syntax checking information may be incorrect. [D:\LAB2_buggy_v2\LAB2_buggy.srcs\sources_1\new\sub_module1.vhd:]
WARNING: [filemgmt 56-199] Attempt to get parsing info during refresh. "On-the-fly" syntax checking information may be incorrect. [D:\LAB2_buggy_v2\LAB2_buggy.srcs\sources_1\new\sub_module1.vhd:]
WARNING: [filemgmt 56-199] Attempt to get parsing info during refresh. "On-the-fly" syntax checking information may be incorrect. [D:\LAB2_buggy_v2\LAB2_buggy.srcs\sources_1\new\sub_module2.vhd:]
WARNING: [filemgmt 56-199] Attempt to get parsing info during refresh. "On-the-fly" syntax checking information may be incorrect. [D:\LAB2_buggy_v2\LAB2_buggy.srcs\sources_1\new\sub_module1.vhd:]
WARNING: [filemgmt 56-199] Attempt to get parsing info during refresh. "On-the-fly" syntax checking information may be incorrect. [D:\LAB2_buggy_v2\LAB2_buggy.srcs\sources_1\new\top_module.vhd:]
WARNING: [filemgmt 56-199] Attempt to get parsing info during refresh. "On-the-fly" syntax checking information may be incorrect. [D:\LAB2_buggy_v2\LAB2_buggy.srcs\sources_1\new\sub_module2.vhd:]
WARNING: [filemgmt 56-199] Attempt to get parsing info during refresh. "On-the-fly" syntax checking information may be incorrect. [D:\LAB2_buggy_v2\LAB2_buggy.srcs\sources_1\new\sub_module2.vhd:]
ERROR: [Common 17-180] Spawn failed: No error
set_property part xc7a35tcpg236-1 [current_project]
WARNING: [Ipconfig 75-871] Could not load NoC clock tree from device
WARNING: [filemgmt 56-199] Attempt to get parsing info during refresh. "On-the-fly" syntax checking information may be incorrect. [D:\LAB2_buggy_v2\LAB2_buggy.srcs\sources_1\new\sub_module2.vhd:]
WARNING: [filemgmt 56-199] Attempt to get parsing info during refresh. "On-the-fly" syntax checking information may be incorrect. [D:\LAB2_buggy_v2\LAB2_buggy.srcs\sources_1\new\sub_module1.vhd:]
WARNING: [Ipconfig 75-570] Unable to create NoC or AIE Models.
WARNING: [filemgmt 56-199] Attempt to get parsing info during refresh. "On-the-fly" syntax checking information may be incorrect. [D:\LAB2_buggy_v2\LAB2_buggy.srcs\sources_1\new\top_module.vhd:]
WARNING: [filemgmt 56-199] Attempt to get parsing info during refresh. "On-the-fly" syntax checking information may be incorrect. [D:\LAB2_buggy_v2\LAB2_buggy.srcs\sources_1\new\sub_module1.vhd:]
WARNING: [filemgmt 56-199] Attempt to get parsing info during refresh. "On-the-fly" syntax checking information may be incorrect. [D:\LAB2_buggy_v2\LAB2_buggy.srcs\sources_1\new\sub_module1.vhd:]
WARNING: [filemgmt 56-199] Attempt to get parsing info during refresh. "On-the-fly" syntax checking information may be incorrect. [D:\LAB2_buggy_v2\LAB2_buggy.srcs\sources_1\new\sub_module2.vhd:]
WARNING: [filemgmt 56-199] Attempt to get parsing info during refresh. "On-the-fly" syntax checking information may be incorrect. [D:\LAB2_buggy_v2\LAB2_buggy.srcs\sources_1\new\sub_module1.vhd:]
WARNING: [filemgmt 56-199] Attempt to get parsing info during refresh. "On-the-fly" syntax checking information may be incorrect. [D:\LAB2_buggy_v2\LAB2_buggy.srcs\sources_1\new\top_module.vhd:]
WARNING: [filemgmt 56-199] Attempt to get parsing info during refresh. "On-the-fly" syntax checking information may be incorrect. [D:\LAB2_buggy_v2\LAB2_buggy.srcs\sources_1\new\sub_module2.vhd:]
WARNING: [filemgmt 56-199] Attempt to get parsing info during refresh. "On-the-fly" syntax checking information may be incorrect. [D:\LAB2_buggy_v2\LAB2_buggy.srcs\sources_1\new\sub_module2.vhd:]
WARNING: [filemgmt 56-199] Attempt to get parsing info during refresh. "On-the-fly" syntax checking information may be incorrect. [D:\LAB2_buggy_v2\LAB2_buggy.srcs\sources_1\new\sub_module2.vhd:]
WARNING: [filemgmt 56-199] Attempt to get parsing info during refresh. "On-the-fly" syntax checking information may be incorrect. [D:\LAB2_buggy_v2\LAB2_buggy.srcs\sources_1\new\sub_module1.vhd:]
WARNING: [filemgmt 56-199] Attempt to get parsing info during refresh. "On-the-fly" syntax checking information may be incorrect. [D:\LAB2_buggy_v2\LAB2_buggy.srcs\sources_1\new\top_module.vhd:]
WARNING: [filemgmt 56-199] Attempt to get parsing info during refresh. "On-the-fly" syntax checking information may be incorrect. [D:\LAB2_buggy_v2\LAB2_buggy.srcs\sources_1\new\sub_module1.vhd:]
WARNING: [filemgmt 56-199] Attempt to get parsing info during refresh. "On-the-fly" syntax checking information may be incorrect. [D:\LAB2_buggy_v2\LAB2_buggy.srcs\sources_1\new\sub_module1.vhd:]
WARNING: [filemgmt 56-199] Attempt to get parsing info during refresh. "On-the-fly" syntax checking information may be incorrect. [D:\LAB2_buggy_v2\LAB2_buggy.srcs\sources_1\new\sub_module2.vhd:]
WARNING: [filemgmt 56-199] Attempt to get parsing info during refresh. "On-the-fly" syntax checking information may be incorrect. [D:\LAB2_buggy_v2\LAB2_buggy.srcs\sources_1\new\sub_module1.vhd:]
WARNING: [filemgmt 56-199] Attempt to get parsing info during refresh. "On-the-fly" syntax checking information may be incorrect. [D:\LAB2_buggy_v2\LAB2_buggy.srcs\sources_1\new\top_module.vhd:]
WARNING: [filemgmt 56-199] Attempt to get parsing info during refresh. "On-the-fly" syntax checking information may be incorrect. [D:\LAB2_buggy_v2\LAB2_buggy.srcs\sources_1\new\top_module.vhd:]
WARNING: [filemgmt 56-199] Attempt to get parsing info during refresh. "On-the-fly" syntax checking information may be incorrect. [D:\LAB2_buggy_v2\LAB2_buggy.srcs\sources_1\new\top_module.vhd:]
launch_runs impl_1 -to_step write_bitstream -jobs 6
[Fri Feb 21 15:20:16 2025] Launched synth_1...
Run output will be captured here: D:/LAB2_buggy_v2/LAB2_buggy.runs/synth_1/runme.log
[Fri Feb 21 15:20:16 2025] Launched impl_1...
Run output will be captured here: D:/LAB2_buggy_v2/LAB2_buggy.runs/impl_1/runme.log
WARNING: [filemgmt 56-199] Attempt to get parsing info during refresh. "On-the-fly" syntax checking information may be incorrect. [D:\LAB2_buggy_v2\LAB2_buggy.srcs\sources_1\new\sub_module2.vhd:]
WARNING: [filemgmt 56-199] Attempt to get parsing info during refresh. "On-the-fly" syntax checking information may be incorrect. [D:\LAB2_buggy_v2\LAB2_buggy.srcs\sources_1\new\sub_module1.vhd:]
WARNING: [filemgmt 56-199] Attempt to get parsing info during refresh. "On-the-fly" syntax checking information may be incorrect. [D:\LAB2_buggy_v2\LAB2_buggy.srcs\sources_1\new\top_module.vhd:]
WARNING: [filemgmt 56-199] Attempt to get parsing info during refresh. "On-the-fly" syntax checking information may be incorrect. [D:\LAB2_buggy_v2\LAB2_buggy.srcs\sources_1\new\sub_module1.vhd:]
WARNING: [filemgmt 56-199] Attempt to get parsing info during refresh. "On-the-fly" syntax checking information may be incorrect. [D:\LAB2_buggy_v2\LAB2_buggy.srcs\sources_1\new\sub_module1.vhd:]
WARNING: [filemgmt 56-199] Attempt to get parsing info during refresh. "On-the-fly" syntax checking information may be incorrect. [D:\LAB2_buggy_v2\LAB2_buggy.srcs\sources_1\new\sub_module2.vhd:]
WARNING: [filemgmt 56-199] Attempt to get parsing info during refresh. "On-the-fly" syntax checking information may be incorrect. [D:\LAB2_buggy_v2\LAB2_buggy.srcs\sources_1\new\sub_module1.vhd:]
WARNING: [filemgmt 56-199] Attempt to get parsing info during refresh. "On-the-fly" syntax checking information may be incorrect. [D:\LAB2_buggy_v2\LAB2_buggy.srcs\sources_1\new\top_module.vhd:]
WARNING: [filemgmt 56-199] Attempt to get parsing info during refresh. "On-the-fly" syntax checking information may be incorrect. [D:\LAB2_buggy_v2\LAB2_buggy.srcs\sources_1\new\sub_module2.vhd:]
WARNING: [filemgmt 56-199] Attempt to get parsing info during refresh. "On-the-fly" syntax checking information may be incorrect. [D:\LAB2_buggy_v2\LAB2_buggy.srcs\sources_1\new\sub_module2.vhd:]
ERROR: [Common 17-180] Spawn failed: No error
update_compile_order -fileset sources_1
WARNING: [filemgmt 56-199] Attempt to get parsing info during refresh. "On-the-fly" syntax checking information may be incorrect. [D:\LAB2_buggy_v2\LAB2_buggy.srcs\sources_1\new\sub_module2.vhd:]
WARNING: [filemgmt 56-199] Attempt to get parsing info during refresh. "On-the-fly" syntax checking information may be incorrect. [D:\LAB2_buggy_v2\LAB2_buggy.srcs\sources_1\new\sub_module1.vhd:]
WARNING: [filemgmt 56-199] Attempt to get parsing info during refresh. "On-the-fly" syntax checking information may be incorrect. [D:\LAB2_buggy_v2\LAB2_buggy.srcs\sources_1\new\top_module.vhd:]
WARNING: [filemgmt 56-199] Attempt to get parsing info during refresh. "On-the-fly" syntax checking information may be incorrect. [D:\LAB2_buggy_v2\LAB2_buggy.srcs\sources_1\new\sub_module1.vhd:]
WARNING: [filemgmt 56-199] Attempt to get parsing info during refresh. "On-the-fly" syntax checking information may be incorrect. [D:\LAB2_buggy_v2\LAB2_buggy.srcs\sources_1\new\sub_module1.vhd:]
WARNING: [filemgmt 56-199] Attempt to get parsing info during refresh. "On-the-fly" syntax checking information may be incorrect. [D:\LAB2_buggy_v2\LAB2_buggy.srcs\sources_1\new\sub_module2.vhd:]
WARNING: [filemgmt 56-199] Attempt to get parsing info during refresh. "On-the-fly" syntax checking information may be incorrect. [D:\LAB2_buggy_v2\LAB2_buggy.srcs\sources_1\new\sub_module1.vhd:]
WARNING: [filemgmt 56-199] Attempt to get parsing info during refresh. "On-the-fly" syntax checking information may be incorrect. [D:\LAB2_buggy_v2\LAB2_buggy.srcs\sources_1\new\top_module.vhd:]
WARNING: [filemgmt 56-199] Attempt to get parsing info during refresh. "On-the-fly" syntax checking information may be incorrect. [D:\LAB2_buggy_v2\LAB2_buggy.srcs\sources_1\new\top_module.vhd:]
WARNING: [filemgmt 56-199] Attempt to get parsing info during refresh. "On-the-fly" syntax checking information may be incorrect. [D:\LAB2_buggy_v2\LAB2_buggy.srcs\sources_1\new\top_module.vhd:]
set_property top top_module [current_fileset]
WARNING: [filemgmt 56-199] Attempt to get parsing info during refresh. "On-the-fly" syntax checking information may be incorrect. [D:\LAB2_buggy_v2\LAB2_buggy.srcs\sources_1\new\sub_module2.vhd:]
WARNING: [filemgmt 56-199] Attempt to get parsing info during refresh. "On-the-fly" syntax checking information may be incorrect. [D:\LAB2_buggy_v2\LAB2_buggy.srcs\sources_1\new\sub_module1.vhd:]
WARNING: [filemgmt 56-199] Attempt to get parsing info during refresh. "On-the-fly" syntax checking information may be incorrect. [D:\LAB2_buggy_v2\LAB2_buggy.srcs\sources_1\new\top_module.vhd:]
WARNING: [filemgmt 56-199] Attempt to get parsing info during refresh. "On-the-fly" syntax checking information may be incorrect. [D:\LAB2_buggy_v2\LAB2_buggy.srcs\sources_1\new\sub_module1.vhd:]
WARNING: [filemgmt 56-199] Attempt to get parsing info during refresh. "On-the-fly" syntax checking information may be incorrect. [D:\LAB2_buggy_v2\LAB2_buggy.srcs\sources_1\new\sub_module1.vhd:]
WARNING: [filemgmt 56-199] Attempt to get parsing info during refresh. "On-the-fly" syntax checking information may be incorrect. [D:\LAB2_buggy_v2\LAB2_buggy.srcs\sources_1\new\sub_module2.vhd:]
WARNING: [filemgmt 56-199] Attempt to get parsing info during refresh. "On-the-fly" syntax checking information may be incorrect. [D:\LAB2_buggy_v2\LAB2_buggy.srcs\sources_1\new\sub_module1.vhd:]
WARNING: [filemgmt 56-199] Attempt to get parsing info during refresh. "On-the-fly" syntax checking information may be incorrect. [D:\LAB2_buggy_v2\LAB2_buggy.srcs\sources_1\new\top_module.vhd:]
WARNING: [filemgmt 56-199] Attempt to get parsing info during refresh. "On-the-fly" syntax checking information may be incorrect. [D:\LAB2_buggy_v2\LAB2_buggy.srcs\sources_1\new\top_module.vhd:]
WARNING: [filemgmt 56-199] Attempt to get parsing info during refresh. "On-the-fly" syntax checking information may be incorrect. [D:\LAB2_buggy_v2\LAB2_buggy.srcs\sources_1\new\top_module.vhd:]
WARNING: [filemgmt 56-199] Attempt to get parsing info during refresh. "On-the-fly" syntax checking information may be incorrect. [D:\LAB2_buggy_v2\LAB2_buggy.srcs\sources_1\new\sub_module2.vhd:]
WARNING: [filemgmt 56-199] Attempt to get parsing info during refresh. "On-the-fly" syntax checking information may be incorrect. [D:\LAB2_buggy_v2\LAB2_buggy.srcs\sources_1\new\sub_module1.vhd:]
WARNING: [filemgmt 56-199] Attempt to get parsing info during refresh. "On-the-fly" syntax checking information may be incorrect. [D:\LAB2_buggy_v2\LAB2_buggy.srcs\sources_1\new\top_module.vhd:]
WARNING: [filemgmt 56-199] Attempt to get parsing info during refresh. "On-the-fly" syntax checking information may be incorrect. [D:\LAB2_buggy_v2\LAB2_buggy.srcs\sources_1\new\sub_module1.vhd:]
WARNING: [filemgmt 56-199] Attempt to get parsing info during refresh. "On-the-fly" syntax checking information may be incorrect. [D:\LAB2_buggy_v2\LAB2_buggy.srcs\sources_1\new\sub_module1.vhd:]
WARNING: [filemgmt 56-199] Attempt to get parsing info during refresh. "On-the-fly" syntax checking information may be incorrect. [D:\LAB2_buggy_v2\LAB2_buggy.srcs\sources_1\new\sub_module2.vhd:]
WARNING: [filemgmt 56-199] Attempt to get parsing info during refresh. "On-the-fly" syntax checking information may be incorrect. [D:\LAB2_buggy_v2\LAB2_buggy.srcs\sources_1\new\sub_module1.vhd:]
WARNING: [filemgmt 56-199] Attempt to get parsing info during refresh. "On-the-fly" syntax checking information may be incorrect. [D:\LAB2_buggy_v2\LAB2_buggy.srcs\sources_1\new\top_module.vhd:]
WARNING: [filemgmt 56-199] Attempt to get parsing info during refresh. "On-the-fly" syntax checking information may be incorrect. [D:\LAB2_buggy_v2\LAB2_buggy.srcs\sources_1\new\top_module.vhd:]
WARNING: [filemgmt 56-199] Attempt to get parsing info during refresh. "On-the-fly" syntax checking information may be incorrect. [D:\LAB2_buggy_v2\LAB2_buggy.srcs\sources_1\new\top_module.vhd:]
reset_run synth_1
INFO: [Project 1-1160] Copying file D:/LAB2_buggy_v2/LAB2_buggy.runs/synth_1/sub_module2_the_beast.dcp to D:/LAB2_buggy_v2/LAB2_buggy.srcs/utils_1/imports/synth_1 and adding it to utils fileset
WARNING: [filemgmt 56-199] Attempt to get parsing info during refresh. "On-the-fly" syntax checking information may be incorrect. [D:\LAB2_buggy_v2\LAB2_buggy.srcs\sources_1\new\sub_module2.vhd:]
WARNING: [filemgmt 56-199] Attempt to get parsing info during refresh. "On-the-fly" syntax checking information may be incorrect. [D:\LAB2_buggy_v2\LAB2_buggy.srcs\sources_1\new\sub_module1.vhd:]
WARNING: [filemgmt 56-199] Attempt to get parsing info during refresh. "On-the-fly" syntax checking information may be incorrect. [D:\LAB2_buggy_v2\LAB2_buggy.srcs\sources_1\new\top_module.vhd:]
WARNING: [filemgmt 56-199] Attempt to get parsing info during refresh. "On-the-fly" syntax checking information may be incorrect. [D:\LAB2_buggy_v2\LAB2_buggy.srcs\sources_1\new\sub_module1.vhd:]
WARNING: [filemgmt 56-199] Attempt to get parsing info during refresh. "On-the-fly" syntax checking information may be incorrect. [D:\LAB2_buggy_v2\LAB2_buggy.srcs\sources_1\new\sub_module1.vhd:]
WARNING: [filemgmt 56-199] Attempt to get parsing info during refresh. "On-the-fly" syntax checking information may be incorrect. [D:\LAB2_buggy_v2\LAB2_buggy.srcs\sources_1\new\sub_module2.vhd:]
WARNING: [filemgmt 56-199] Attempt to get parsing info during refresh. "On-the-fly" syntax checking information may be incorrect. [D:\LAB2_buggy_v2\LAB2_buggy.srcs\sources_1\new\sub_module1.vhd:]
WARNING: [filemgmt 56-199] Attempt to get parsing info during refresh. "On-the-fly" syntax checking information may be incorrect. [D:\LAB2_buggy_v2\LAB2_buggy.srcs\sources_1\new\top_module.vhd:]
WARNING: [filemgmt 56-199] Attempt to get parsing info during refresh. "On-the-fly" syntax checking information may be incorrect. [D:\LAB2_buggy_v2\LAB2_buggy.srcs\sources_1\new\top_module.vhd:]
WARNING: [filemgmt 56-199] Attempt to get parsing info during refresh. "On-the-fly" syntax checking information may be incorrect. [D:\LAB2_buggy_v2\LAB2_buggy.srcs\sources_1\new\top_module.vhd:]
launch_runs synth_1 -jobs 6
[Fri Feb 21 15:24:41 2025] Launched synth_1...
Run output will be captured here: D:/LAB2_buggy_v2/LAB2_buggy.runs/synth_1/runme.log
launch_runs impl_1 -jobs 6
[Fri Feb 21 15:25:27 2025] Launched impl_1...
Run output will be captured here: D:/LAB2_buggy_v2/LAB2_buggy.runs/impl_1/runme.log
open_run synth_1 -name synth_1
Design is defaulting to impl run constrset: constrs_1
Design is defaulting to synth run part: xc7a35tcpg236-1
INFO: [Device 21-403] Loading part xc7a35tcpg236-1
Netlist sorting complete. Time (s): cpu = 00:00:00 ; elapsed = 00:00:00 . Memory (MB): peak = 1726.898 ; gain = 0.000
INFO: [Project 1-479] Netlist was created with Vivado 2024.2
INFO: [Project 1-570] Preparing netlist for logic optimization
Parsing XDC File [D:/LAB2_buggy_v2/LAB2_buggy.srcs/constrs_1/new/constraints_basys3.xdc]
Finished Parsing XDC File [D:/LAB2_buggy_v2/LAB2_buggy.srcs/constrs_1/new/constraints_basys3.xdc]
INFO: [Opt 31-138] Pushed 0 inverter(s) to 0 load pin(s).
Netlist sorting complete. Time (s): cpu = 00:00:00 ; elapsed = 00:00:00 . Memory (MB): peak = 1726.898 ; gain = 0.000
INFO: [Project 1-111] Unisim Transformation Summary:
No Unisim elements were transformed.

open_run: Time (s): cpu = 00:00:13 ; elapsed = 00:00:08 . Memory (MB): peak = 1870.535 ; gain = 143.637
synth_design -top top_module -part xc7a35tcpg236-1 -lint 
Command: synth_design -top top_module -part xc7a35tcpg236-1 -lint
Starting synth_design
Attempting to get a license for feature 'Synthesis' and/or device 'xc7a35t'
INFO: [Common 17-349] Got license for feature 'Synthesis' and/or device 'xc7a35t'
INFO: [Synth 8-7079] Multithreading enabled for synth_design using a maximum of 2 processes.
INFO: [Synth 8-7078] Launching helper process for spawning children vivado processes
INFO: [Synth 8-7075] Helper process launched with PID 14356
---------------------------------------------------------------------------------
Starting Synthesize : Time (s): cpu = 00:00:09 ; elapsed = 00:00:06 . Memory (MB): peak = 2771.941 ; gain = 836.176
---------------------------------------------------------------------------------
Clean up Linter database...
INFO: [Synth 8-638] synthesizing module 'top_module' [D:/LAB2_buggy_v2/LAB2_buggy.srcs/sources_1/new/top_module.vhd:12]
INFO: [Synth 8-3491] module 'sub_module1' declared at 'D:/LAB2_buggy_v2/LAB2_buggy.srcs/sources_1/new/sub_module1.vhd:4' bound to instance 'sub_module1_2' of component 'sub_module1' [D:/LAB2_buggy_v2/LAB2_buggy.srcs/sources_1/new/top_module.vhd:33]
INFO: [Synth 8-638] synthesizing module 'sub_module1' [D:/LAB2_buggy_v2/LAB2_buggy.srcs/sources_1/new/sub_module1.vhd:11]
INFO: [Synth 8-256] done synthesizing module 'sub_module1' (1#1) [D:/LAB2_buggy_v2/LAB2_buggy.srcs/sources_1/new/sub_module1.vhd:11]
INFO: [Synth 8-3491] module 'sub_module2' declared at 'D:/LAB2_buggy_v2/LAB2_buggy.srcs/sources_1/new/sub_module2.vhd:4' bound to instance 'sub_module2_1' of component 'sub_module2' [D:/LAB2_buggy_v2/LAB2_buggy.srcs/sources_1/new/top_module.vhd:39]
INFO: [Synth 8-638] synthesizing module 'sub_module2' [D:/LAB2_buggy_v2/LAB2_buggy.srcs/sources_1/new/sub_module2.vhd:10]
INFO: [Synth 8-3491] module 'sub_module1' declared at 'D:/LAB2_buggy_v2/LAB2_buggy.srcs/sources_1/new/sub_module1.vhd:4' bound to instance 'sub_module1_1' of component 'sub_module1' [D:/LAB2_buggy_v2/LAB2_buggy.srcs/sources_1/new/sub_module2.vhd:22]
INFO: [Synth 8-256] done synthesizing module 'sub_module2' (2#1) [D:/LAB2_buggy_v2/LAB2_buggy.srcs/sources_1/new/sub_module2.vhd:10]
INFO: [Synth 8-256] done synthesizing module 'top_module' (3#1) [D:/LAB2_buggy_v2/LAB2_buggy.srcs/sources_1/new/top_module.vhd:12]
---------------------------------------------------------------------------------
Finished Synthesize : Time (s): cpu = 00:00:11 ; elapsed = 00:00:08 . Memory (MB): peak = 2876.852 ; gain = 941.086
---------------------------------------------------------------------------------
Copyright 1986-2022 Xilinx, Inc. All Rights Reserved. Copyright 2022-2024 Advanced Micro Devices, Inc. All Rights Reserved.
---------------------------------------------------------------------------------------------------------------------------------------------
| Tool Version : Vivado v.2024.2 (win64) Build 5239630 Fri Nov 08 22:35:27 MST 2024
| Date         : Fri Feb 21 15:25:53 2025
| Host         : LAPTOP-T4A93B1T running 64-bit major release  (build 9200)
---------------------------------------------------------------------------------------------------------------------------------------------

RTL Linter Report

Table of Contents
-----------------
1. Summary

1. Summary
----------

+-----------+----------+--------------+----------+
| Rule ID   | Severity | # Violations | # Waived |
+-----------+----------+--------------+----------+
| ASSIGN-10 | WARNING  | 1            | 0        |
+-----------+----------+--------------+----------+


WARNING: [Synth 37-125] [ASSIGN-10]Some bits in IO 'i_input_byte' are not read. First unread bit index is 6. 
RTL Name 'i_input_byte', Hierarchy 'sub_module1', File 'sub_module1.vhd', Line 6.
INFO: [Synth 37-85] Total of 1 linter message(s) generated.
INFO: [Synth 37-45] Linter Run Finished!
Synthesis Optimization Runtime : Time (s): cpu = 00:00:11 ; elapsed = 00:00:08 . Memory (MB): peak = 2889.227 ; gain = 953.461
INFO: [Common 17-83] Releasing license: Synthesis
16 Infos, 1 Warnings, 0 Critical Warnings and 0 Errors encountered.
synth_design completed successfully
synth_design: Time (s): cpu = 00:00:11 ; elapsed = 00:00:08 . Memory (MB): peak = 2889.227 ; gain = 953.461
close_design
open_run impl_1
Netlist sorting complete. Time (s): cpu = 00:00:00 ; elapsed = 00:00:00 . Memory (MB): peak = 2889.227 ; gain = 0.000
INFO: [Project 1-479] Netlist was created with Vivado 2024.2
INFO: [Project 1-570] Preparing netlist for logic optimization
Read ShapeDB Complete: Time (s): cpu = 00:00:00 ; elapsed = 00:00:00.002 . Memory (MB): peak = 2889.227 ; gain = 0.000
INFO: [Timing 38-478] Restoring timing data from binary archive.
INFO: [Timing 38-479] Binary timing data restore complete.
INFO: [Project 1-856] Restoring constraints from binary archive.
INFO: [Project 1-853] Binary constraint restore complete.
INFO: [Designutils 20-5722] Start Reading Physical Databases.
Reading placement.
Read Netlist Cache: Time (s): cpu = 00:00:00 ; elapsed = 00:00:00 . Memory (MB): peak = 2889.227 ; gain = 0.000
Reading placer database...
Read Device Cache: Time (s): cpu = 00:00:00 ; elapsed = 00:00:00.008 . Memory (MB): peak = 2889.227 ; gain = 0.000
Read PlaceDB: Time (s): cpu = 00:00:00 ; elapsed = 00:00:00.001 . Memory (MB): peak = 2889.227 ; gain = 0.000
Read PulsedLatchDB: Time (s): cpu = 00:00:00 ; elapsed = 00:00:00.001 . Memory (MB): peak = 2889.227 ; gain = 0.000
Reading routing.
Read RouteStorage: Time (s): cpu = 00:00:00 ; elapsed = 00:00:00.006 . Memory (MB): peak = 2889.227 ; gain = 0.000
Read Physdb Files: Time (s): cpu = 00:00:00 ; elapsed = 00:00:00.023 . Memory (MB): peak = 2889.227 ; gain = 0.000
Restored from archive | CPU: 1.000000 secs | Memory: 0.000000 MB |
Finished XDEF File Restore: Time (s): cpu = 00:00:00 ; elapsed = 00:00:00.023 . Memory (MB): peak = 2889.227 ; gain = 0.000
Netlist sorting complete. Time (s): cpu = 00:00:00 ; elapsed = 00:00:00 . Memory (MB): peak = 2889.227 ; gain = 0.000
INFO: [Project 1-111] Unisim Transformation Summary:
No Unisim elements were transformed.

open_run: Time (s): cpu = 00:00:10 ; elapsed = 00:00:09 . Memory (MB): peak = 2889.227 ; gain = 0.000
WARNING: [Timing 38-313] There are no user specified timing constraints. Timing constraints are needed for proper timing analysis.
synth_design -top top_module -part xc7a35tcpg236-1 -lint 
Command: synth_design -top top_module -part xc7a35tcpg236-1 -lint
Starting synth_design
Attempting to get a license for feature 'Synthesis' and/or device 'xc7a35t'
INFO: [Common 17-349] Got license for feature 'Synthesis' and/or device 'xc7a35t'
INFO: [Synth 8-7079] Multithreading enabled for synth_design using a maximum of 2 processes.
---------------------------------------------------------------------------------
Starting Synthesize : Time (s): cpu = 00:00:06 ; elapsed = 00:00:06 . Memory (MB): peak = 2907.004 ; gain = 17.777
---------------------------------------------------------------------------------
Clean up Linter database...
INFO: [Synth 8-638] synthesizing module 'top_module' [D:/LAB2_buggy_v2/LAB2_buggy.srcs/sources_1/new/top_module.vhd:12]
INFO: [Synth 8-3491] module 'sub_module1' declared at 'D:/LAB2_buggy_v2/LAB2_buggy.srcs/sources_1/new/sub_module1.vhd:4' bound to instance 'sub_module1_2' of component 'sub_module1' [D:/LAB2_buggy_v2/LAB2_buggy.srcs/sources_1/new/top_module.vhd:33]
INFO: [Synth 8-638] synthesizing module 'sub_module1' [D:/LAB2_buggy_v2/LAB2_buggy.srcs/sources_1/new/sub_module1.vhd:11]
INFO: [Synth 8-256] done synthesizing module 'sub_module1' (1#1) [D:/LAB2_buggy_v2/LAB2_buggy.srcs/sources_1/new/sub_module1.vhd:11]
INFO: [Synth 8-3491] module 'sub_module2' declared at 'D:/LAB2_buggy_v2/LAB2_buggy.srcs/sources_1/new/sub_module2.vhd:4' bound to instance 'sub_module2_1' of component 'sub_module2' [D:/LAB2_buggy_v2/LAB2_buggy.srcs/sources_1/new/top_module.vhd:39]
INFO: [Synth 8-638] synthesizing module 'sub_module2' [D:/LAB2_buggy_v2/LAB2_buggy.srcs/sources_1/new/sub_module2.vhd:10]
INFO: [Synth 8-3491] module 'sub_module1' declared at 'D:/LAB2_buggy_v2/LAB2_buggy.srcs/sources_1/new/sub_module1.vhd:4' bound to instance 'sub_module1_1' of component 'sub_module1' [D:/LAB2_buggy_v2/LAB2_buggy.srcs/sources_1/new/sub_module2.vhd:22]
INFO: [Synth 8-256] done synthesizing module 'sub_module2' (2#1) [D:/LAB2_buggy_v2/LAB2_buggy.srcs/sources_1/new/sub_module2.vhd:10]
INFO: [Synth 8-256] done synthesizing module 'top_module' (3#1) [D:/LAB2_buggy_v2/LAB2_buggy.srcs/sources_1/new/top_module.vhd:12]
---------------------------------------------------------------------------------
Finished Synthesize : Time (s): cpu = 00:00:08 ; elapsed = 00:00:07 . Memory (MB): peak = 2992.527 ; gain = 103.301
---------------------------------------------------------------------------------
Copyright 1986-2022 Xilinx, Inc. All Rights Reserved. Copyright 2022-2024 Advanced Micro Devices, Inc. All Rights Reserved.
---------------------------------------------------------------------------------------------------------------------------------------------
| Tool Version : Vivado v.2024.2 (win64) Build 5239630 Fri Nov 08 22:35:27 MST 2024
| Date         : Fri Feb 21 15:29:32 2025
| Host         : LAPTOP-T4A93B1T running 64-bit major release  (build 9200)
---------------------------------------------------------------------------------------------------------------------------------------------

RTL Linter Report

Table of Contents
-----------------
1. Summary

1. Summary
----------

+-----------+----------+--------------+----------+
| Rule ID   | Severity | # Violations | # Waived |
+-----------+----------+--------------+----------+
| ASSIGN-10 | WARNING  | 1            | 0        |
+-----------+----------+--------------+----------+


WARNING: [Synth 37-125] [ASSIGN-10]Some bits in IO 'i_input_byte' are not read. First unread bit index is 6. 
RTL Name 'i_input_byte', Hierarchy 'sub_module1', File 'sub_module1.vhd', Line 6.
INFO: [Synth 37-85] Total of 1 linter message(s) generated.
INFO: [Synth 37-45] Linter Run Finished!
Synthesis Optimization Runtime : Time (s): cpu = 00:00:08 ; elapsed = 00:00:07 . Memory (MB): peak = 3016.410 ; gain = 127.184
INFO: [Common 17-83] Releasing license: Synthesis
14 Infos, 1 Warnings, 0 Critical Warnings and 0 Errors encountered.
synth_design completed successfully
synth_design: Time (s): cpu = 00:00:08 ; elapsed = 00:00:07 . Memory (MB): peak = 3016.410 ; gain = 127.184
close_design
synth_design -rtl -rtl_skip_mlo -name rtl_1
Command: synth_design -rtl -rtl_skip_mlo -name rtl_1
Starting synth_design
Using part: xc7a35tcpg236-1
Top: top_module
INFO: [Synth 8-7079] Multithreading enabled for synth_design using a maximum of 2 processes.
---------------------------------------------------------------------------------
Starting RTL Elaboration : Time (s): cpu = 00:00:06 ; elapsed = 00:00:06 . Memory (MB): peak = 3016.410 ; gain = 0.000
---------------------------------------------------------------------------------
INFO: [Synth 8-638] synthesizing module 'top_module' [D:/LAB2_buggy_v2/LAB2_buggy.srcs/sources_1/new/top_module.vhd:12]
INFO: [Synth 8-3491] module 'sub_module1' declared at 'D:/LAB2_buggy_v2/LAB2_buggy.srcs/sources_1/new/sub_module1.vhd:4' bound to instance 'sub_module1_2' of component 'sub_module1' [D:/LAB2_buggy_v2/LAB2_buggy.srcs/sources_1/new/top_module.vhd:33]
INFO: [Synth 8-638] synthesizing module 'sub_module1' [D:/LAB2_buggy_v2/LAB2_buggy.srcs/sources_1/new/sub_module1.vhd:11]
INFO: [Synth 8-256] done synthesizing module 'sub_module1' (0#1) [D:/LAB2_buggy_v2/LAB2_buggy.srcs/sources_1/new/sub_module1.vhd:11]
INFO: [Synth 8-3491] module 'sub_module2' declared at 'D:/LAB2_buggy_v2/LAB2_buggy.srcs/sources_1/new/sub_module2.vhd:4' bound to instance 'sub_module2_1' of component 'sub_module2' [D:/LAB2_buggy_v2/LAB2_buggy.srcs/sources_1/new/top_module.vhd:39]
INFO: [Synth 8-638] synthesizing module 'sub_module2' [D:/LAB2_buggy_v2/LAB2_buggy.srcs/sources_1/new/sub_module2.vhd:10]
INFO: [Synth 8-3491] module 'sub_module1' declared at 'D:/LAB2_buggy_v2/LAB2_buggy.srcs/sources_1/new/sub_module1.vhd:4' bound to instance 'sub_module1_1' of component 'sub_module1' [D:/LAB2_buggy_v2/LAB2_buggy.srcs/sources_1/new/sub_module2.vhd:22]
INFO: [Synth 8-256] done synthesizing module 'sub_module2' (0#1) [D:/LAB2_buggy_v2/LAB2_buggy.srcs/sources_1/new/sub_module2.vhd:10]
INFO: [Synth 8-256] done synthesizing module 'top_module' (0#1) [D:/LAB2_buggy_v2/LAB2_buggy.srcs/sources_1/new/top_module.vhd:12]
---------------------------------------------------------------------------------
Finished RTL Elaboration : Time (s): cpu = 00:00:07 ; elapsed = 00:00:07 . Memory (MB): peak = 3016.410 ; gain = 0.000
---------------------------------------------------------------------------------
---------------------------------------------------------------------------------
Start Handling Custom Attributes
---------------------------------------------------------------------------------
---------------------------------------------------------------------------------
Finished Handling Custom Attributes : Time (s): cpu = 00:00:07 ; elapsed = 00:00:07 . Memory (MB): peak = 3016.410 ; gain = 0.000
---------------------------------------------------------------------------------
---------------------------------------------------------------------------------
Finished RTL Optimization Phase 1 : Time (s): cpu = 00:00:07 ; elapsed = 00:00:07 . Memory (MB): peak = 3016.410 ; gain = 0.000
---------------------------------------------------------------------------------
Netlist sorting complete. Time (s): cpu = 00:00:00 ; elapsed = 00:00:00.001 . Memory (MB): peak = 3016.410 ; gain = 0.000
INFO: [Project 1-570] Preparing netlist for logic optimization

Processing XDC Constraints
Initializing timing engine
Parsing XDC File [D:/LAB2_buggy_v2/LAB2_buggy.srcs/constrs_1/new/constraints_basys3.xdc]
Finished Parsing XDC File [D:/LAB2_buggy_v2/LAB2_buggy.srcs/constrs_1/new/constraints_basys3.xdc]
Completed Processing XDC Constraints

Netlist sorting complete. Time (s): cpu = 00:00:00 ; elapsed = 00:00:00 . Memory (MB): peak = 3016.410 ; gain = 0.000
INFO: [Project 1-111] Unisim Transformation Summary:
No Unisim elements were transformed.

RTL Elaboration Complete:  : Time (s): cpu = 00:00:10 ; elapsed = 00:00:10 . Memory (MB): peak = 3016.410 ; gain = 0.000
12 Infos, 0 Warnings, 0 Critical Warnings and 0 Errors encountered.
synth_design completed successfully
synth_design: Time (s): cpu = 00:00:10 ; elapsed = 00:00:10 . Memory (MB): peak = 3016.410 ; gain = 0.000
launch_runs impl_1 -to_step write_bitstream -jobs 6
[Fri Feb 21 15:30:00 2025] Launched impl_1...
Run output will be captured here: D:/LAB2_buggy_v2/LAB2_buggy.runs/impl_1/runme.log
open_hw_manager
connect_hw_server -allow_non_jtag
INFO: [Labtools 27-2285] Connecting to hw_server url TCP:localhost:3121
INFO: [Labtools 27-2222] Launching hw_server...
INFO: [Labtools 27-2221] Launch Output:

****** Xilinx hw_server v2024.2
  **** Build date : Oct 29 2024 at 10:25:41
    ** Copyright 1986-2022 Xilinx, Inc. All Rights Reserved.


INFO: [Labtools 27-3415] Connecting to cs_server url TCP:localhost:0
INFO: [Labtools 27-3417] Launching cs_server...
INFO: [Labtools 27-2221] Launch Output:


******** Xilinx cs_server v2024.2.0
  ****** Build date   : Oct 30 2024-21:19:07
    **** Build number : 2024.2.1730312347
      ** Copyright 2017-2022 Xilinx, Inc. All Rights Reserved.
      ** Copyright 2022-2025 Advanced Micro Devices, Inc. All Rights Reserved.



connect_hw_server: Time (s): cpu = 00:00:00 ; elapsed = 00:00:09 . Memory (MB): peak = 3016.410 ; gain = 0.000
open_hw_target
INFO: [Labtoolstcl 44-466] Opening hw_target localhost:3121/xilinx_tcf/Digilent/210183ACA8A2A
set_property PROGRAM.FILE {D:/LAB2_buggy_v2/LAB2_buggy.runs/impl_1/top_module.bit} [get_hw_devices xc7a35t_0]
current_hw_device [get_hw_devices xc7a35t_0]
refresh_hw_device -update_hw_probes false [lindex [get_hw_devices xc7a35t_0] 0]
INFO: [Labtools 27-1434] Device xc7a35t (JTAG device index = 0) is programmed with a design that has no supported debug core(s) in it.
set_property PROBES.FILE {} [get_hw_devices xc7a35t_0]
set_property FULL_PROBES.FILE {} [get_hw_devices xc7a35t_0]
set_property PROGRAM.FILE {D:/LAB2_buggy_v2/LAB2_buggy.runs/impl_1/top_module.bit} [get_hw_devices xc7a35t_0]
program_hw_devices [get_hw_devices xc7a35t_0]
INFO: [Labtools 27-3164] End of startup status: HIGH
refresh_hw_device [lindex [get_hw_devices xc7a35t_0] 0]
INFO: [Labtools 27-1434] Device xc7a35t (JTAG device index = 0) is programmed with a design that has no supported debug core(s) in it.
reset_run synth_1
INFO: [Project 1-1161] Replacing file D:/LAB2_buggy_v2/LAB2_buggy.srcs/utils_1/imports/synth_1/sub_module2_the_beast.dcp with file D:/LAB2_buggy_v2/LAB2_buggy.runs/synth_1/top_module.dcp
launch_runs synth_1 -jobs 6
[Fri Feb 21 15:31:33 2025] Launched synth_1...
Run output will be captured here: D:/LAB2_buggy_v2/LAB2_buggy.runs/synth_1/runme.log
WARNING: [filemgmt 56-199] Attempt to get parsing info during refresh. "On-the-fly" syntax checking information may be incorrect. [D:\LAB2_buggy_v2\LAB2_buggy.srcs\sources_1\new\sub_module2.vhd:]
WARNING: [filemgmt 56-199] Attempt to get parsing info during refresh. "On-the-fly" syntax checking information may be incorrect. [D:\LAB2_buggy_v2\LAB2_buggy.srcs\sources_1\new\sub_module1.vhd:]
WARNING: [filemgmt 56-199] Attempt to get parsing info during refresh. "On-the-fly" syntax checking information may be incorrect. [D:\LAB2_buggy_v2\LAB2_buggy.srcs\sources_1\new\top_module.vhd:]
WARNING: [filemgmt 56-199] Attempt to get parsing info during refresh. "On-the-fly" syntax checking information may be incorrect. [D:\LAB2_buggy_v2\LAB2_buggy.srcs\sources_1\new\sub_module1.vhd:]
WARNING: [filemgmt 56-199] Attempt to get parsing info during refresh. "On-the-fly" syntax checking information may be incorrect. [D:\LAB2_buggy_v2\LAB2_buggy.srcs\sources_1\new\sub_module1.vhd:]
WARNING: [filemgmt 56-199] Attempt to get parsing info during refresh. "On-the-fly" syntax checking information may be incorrect. [D:\LAB2_buggy_v2\LAB2_buggy.srcs\sources_1\new\sub_module2.vhd:]
WARNING: [filemgmt 56-199] Attempt to get parsing info during refresh. "On-the-fly" syntax checking information may be incorrect. [D:\LAB2_buggy_v2\LAB2_buggy.srcs\sources_1\new\sub_module1.vhd:]
WARNING: [filemgmt 56-199] Attempt to get parsing info during refresh. "On-the-fly" syntax checking information may be incorrect. [D:\LAB2_buggy_v2\LAB2_buggy.srcs\sources_1\new\top_module.vhd:]
WARNING: [filemgmt 56-199] Attempt to get parsing info during refresh. "On-the-fly" syntax checking information may be incorrect. [D:\LAB2_buggy_v2\LAB2_buggy.srcs\sources_1\new\top_module.vhd:]
WARNING: [filemgmt 56-199] Attempt to get parsing info during refresh. "On-the-fly" syntax checking information may be incorrect. [D:\LAB2_buggy_v2\LAB2_buggy.srcs\sources_1\new\top_module.vhd:]
ERROR: [Common 17-180] Spawn failed: No error
launch_runs impl_1 -jobs 6
[Fri Feb 21 15:32:20 2025] Launched impl_1...
Run output will be captured here: D:/LAB2_buggy_v2/LAB2_buggy.runs/impl_1/runme.log
open_run impl_1
Netlist sorting complete. Time (s): cpu = 00:00:00 ; elapsed = 00:00:00.001 . Memory (MB): peak = 3016.410 ; gain = 0.000
INFO: [Project 1-479] Netlist was created with Vivado 2024.2
INFO: [Project 1-570] Preparing netlist for logic optimization
Read ShapeDB Complete: Time (s): cpu = 00:00:00 ; elapsed = 00:00:00.002 . Memory (MB): peak = 3016.410 ; gain = 0.000
INFO: [Timing 38-478] Restoring timing data from binary archive.
INFO: [Timing 38-479] Binary timing data restore complete.
INFO: [Project 1-856] Restoring constraints from binary archive.
INFO: [Project 1-853] Binary constraint restore complete.
INFO: [Designutils 20-5722] Start Reading Physical Databases.
Reading placement.
Read Netlist Cache: Time (s): cpu = 00:00:00 ; elapsed = 00:00:00 . Memory (MB): peak = 3021.902 ; gain = 0.000
Reading placer database...
Read Device Cache: Time (s): cpu = 00:00:00 ; elapsed = 00:00:00.006 . Memory (MB): peak = 3021.902 ; gain = 0.000
Read PlaceDB: Time (s): cpu = 00:00:00 ; elapsed = 00:00:00.001 . Memory (MB): peak = 3021.902 ; gain = 0.000
Read PulsedLatchDB: Time (s): cpu = 00:00:00 ; elapsed = 00:00:00 . Memory (MB): peak = 3021.902 ; gain = 0.000
Reading routing.
Read RouteStorage: Time (s): cpu = 00:00:00 ; elapsed = 00:00:00.006 . Memory (MB): peak = 3021.902 ; gain = 0.000
Read Physdb Files: Time (s): cpu = 00:00:00 ; elapsed = 00:00:00.022 . Memory (MB): peak = 3021.902 ; gain = 0.000
Restored from archive | CPU: 0.000000 secs | Memory: 0.000000 MB |
Finished XDEF File Restore: Time (s): cpu = 00:00:00 ; elapsed = 00:00:00.022 . Memory (MB): peak = 3021.902 ; gain = 0.000
Netlist sorting complete. Time (s): cpu = 00:00:00 ; elapsed = 00:00:00 . Memory (MB): peak = 3021.902 ; gain = 0.000
INFO: [Project 1-111] Unisim Transformation Summary:
No Unisim elements were transformed.

open_run: Time (s): cpu = 00:00:10 ; elapsed = 00:00:08 . Memory (MB): peak = 3086.895 ; gain = 70.484
WARNING: [Timing 38-313] There are no user specified timing constraints. Timing constraints are needed for proper timing analysis.
launch_simulation
Command: launch_simulation 
INFO: [Vivado 12-12493] Simulation top is 'top_module'
WARNING: [Vivado 12-13340] Unable to auto find GCC executables from simulator install path! (path not set)
INFO: [Vivado 12-5682] Launching behavioral simulation in 'D:/LAB2_buggy_v2/LAB2_buggy.sim/sim_1/behav/xsim'
INFO: [SIM-utils-51] Simulation object is 'sim_1'
INFO: [SIM-utils-72] Using boost library from 'D:/ProgramFiles/Vivado/2024.2/tps/boost_1_72_0'
INFO: [SIM-utils-54] Inspecting design source files for 'top_module' in fileset 'sim_1'...
INFO: [USF-XSim-97] Finding global include files...
INFO: [USF-XSim-98] Fetching design files from 'sim_1'...
INFO: [USF-XSim-2] XSim::Compile design
INFO: [USF-XSim-61] Executing 'COMPILE and ANALYZE' step in 'D:/LAB2_buggy_v2/LAB2_buggy.sim/sim_1/behav/xsim'
"xvhdl --incr --relax -prj top_module_vhdl.prj"
INFO: [VRFC 10-163] Analyzing VHDL file "D:/LAB2_buggy_v2/LAB2_buggy.srcs/sources_1/new/sub_module1.vhd" into library xil_defaultlib
INFO: [VRFC 10-3107] analyzing entity 'sub_module1'
INFO: [VRFC 10-163] Analyzing VHDL file "D:/LAB2_buggy_v2/LAB2_buggy.srcs/sources_1/new/sub_module2.vhd" into library xil_defaultlib
INFO: [VRFC 10-3107] analyzing entity 'sub_module2'
INFO: [VRFC 10-163] Analyzing VHDL file "D:/LAB2_buggy_v2/LAB2_buggy.srcs/sources_1/new/top_module.vhd" into library xil_defaultlib
INFO: [VRFC 10-3107] analyzing entity 'top_module'
INFO: [USF-XSim-69] 'compile' step finished in '2' seconds
INFO: [USF-XSim-3] XSim::Elaborate design
INFO: [USF-XSim-61] Executing 'ELABORATE' step in 'D:/LAB2_buggy_v2/LAB2_buggy.sim/sim_1/behav/xsim'
"xelab --incr --debug typical --relax --mt 2 -L xil_defaultlib -L secureip --snapshot top_module_behav xil_defaultlib.top_module -log elaborate.log"
INFO: [Common 17-41] Interrupt caught. Command should exit soon.
Vivado Simulator v2024.2.0
Copyright 1986-2022 Xilinx, Inc. All Rights Reserved.
Copyright 2022-2024 Advanced Micro Devices, Inc. All Rights Reserved.
Running: D:/ProgramFiles/Vivado/2024.2/bin/unwrapped/win64.o/xelab.exe --incr --debug typical --relax --mt 2 -L xil_defaultlib -L secureip --snapshot top_module_behav xil_defaultlib.top_module -log elaborate.log 
Using 2 slave threads.
Starting static elaboration
Completed static elaboration
Starting simulation data flow analysis
Completed simulation data flow analysis
Time Resolution for simulation is 1ps
Compiling package std.standard
Compiling package std.textio
Compiling package ieee.std_logic_1164
Compiling package ieee.numeric_std
Compiling architecture structural_sub1 of entity xil_defaultlib.sub_module1 [sub_module1_default]
Compiling architecture structural_sub2 of entity xil_defaultlib.sub_module2 [sub_module2_default]
Compiling architecture structural_top of entity xil_defaultlib.top_module
Built simulation snapshot top_module_behav
INFO: [Common 17-344] 'run_program' was cancelled
INFO: [Vivado 12-5357] 'elaborate' step aborted
INFO: [Common 17-344] 'launch_simulation' was cancelled
close_design
open_run synth_1 -name synth_1
Design is defaulting to impl run constrset: constrs_1
Design is defaulting to synth run part: xc7a35tcpg236-1
Netlist sorting complete. Time (s): cpu = 00:00:00 ; elapsed = 00:00:00 . Memory (MB): peak = 3099.371 ; gain = 0.000
INFO: [Project 1-479] Netlist was created with Vivado 2024.2
INFO: [Project 1-570] Preparing netlist for logic optimization
Parsing XDC File [D:/LAB2_buggy_v2/LAB2_buggy.srcs/constrs_1/new/constraints_basys3.xdc]
Finished Parsing XDC File [D:/LAB2_buggy_v2/LAB2_buggy.srcs/constrs_1/new/constraints_basys3.xdc]
INFO: [Opt 31-138] Pushed 0 inverter(s) to 0 load pin(s).
Netlist sorting complete. Time (s): cpu = 00:00:00 ; elapsed = 00:00:00 . Memory (MB): peak = 3099.371 ; gain = 0.000
INFO: [Project 1-111] Unisim Transformation Summary:
No Unisim elements were transformed.

launch_simulation
Command: launch_simulation 
INFO: [Vivado 12-12493] Simulation top is 'top_module'
WARNING: [Vivado 12-13340] Unable to auto find GCC executables from simulator install path! (path not set)
INFO: [Vivado 12-5682] Launching behavioral simulation in 'D:/LAB2_buggy_v2/LAB2_buggy.sim/sim_1/behav/xsim'
INFO: [SIM-utils-51] Simulation object is 'sim_1'
INFO: [SIM-utils-72] Using boost library from 'D:/ProgramFiles/Vivado/2024.2/tps/boost_1_72_0'
INFO: [SIM-utils-54] Inspecting design source files for 'top_module' in fileset 'sim_1'...
INFO: [USF-XSim-97] Finding global include files...
INFO: [USF-XSim-98] Fetching design files from 'sim_1'...
INFO: [USF-XSim-2] XSim::Compile design
INFO: [USF-XSim-61] Executing 'COMPILE and ANALYZE' step in 'D:/LAB2_buggy_v2/LAB2_buggy.sim/sim_1/behav/xsim'
"xvhdl --incr --relax -prj top_module_vhdl.prj"
INFO: [USF-XSim-69] 'compile' step finished in '2' seconds
INFO: [USF-XSim-3] XSim::Elaborate design
INFO: [USF-XSim-61] Executing 'ELABORATE' step in 'D:/LAB2_buggy_v2/LAB2_buggy.sim/sim_1/behav/xsim'
"xelab --incr --debug typical --relax --mt 2 -L xil_defaultlib -L secureip --snapshot top_module_behav xil_defaultlib.top_module -log elaborate.log"
Vivado Simulator v2024.2.0
Copyright 1986-2022 Xilinx, Inc. All Rights Reserved.
Copyright 2022-2024 Advanced Micro Devices, Inc. All Rights Reserved.
Running: D:/ProgramFiles/Vivado/2024.2/bin/unwrapped/win64.o/xelab.exe --incr --debug typical --relax --mt 2 -L xil_defaultlib -L secureip --snapshot top_module_behav xil_defaultlib.top_module -log elaborate.log 
Using 2 slave threads.
Starting static elaboration
Completed static elaboration
INFO: [XSIM 43-4323] No Change in HDL. Linking previously generated obj files to create kernel
INFO: [USF-XSim-69] 'elaborate' step finished in '1' seconds
INFO: [USF-XSim-4] XSim::Simulate design
INFO: [USF-XSim-61] Executing 'SIMULATE' step in 'D:/LAB2_buggy_v2/LAB2_buggy.sim/sim_1/behav/xsim'
INFO: [USF-XSim-98] *** Running xsim
   with args "top_module_behav -key {Behavioral:sim_1:Functional:top_module} -tclbatch {top_module.tcl} -log {simulate.log}"
INFO: [USF-XSim-8] Loading simulator feature
Time resolution is 1 ps
source top_module.tcl
# set curr_wave [current_wave_config]
# if { [string length $curr_wave] == 0 } {
#   if { [llength [get_objects]] > 0} {
#     add_wave /
#     set_property needs_save false [current_wave_config]
#   } else {
#      send_msg_id Add_Wave-1 WARNING "No top level signals found. Simulator will start without a wave window. If you want to open a wave window go to 'File->New Waveform Configuration' or type 'create_wave_config' in the TCL console."
#   }
# }
# run 1000ns
INFO: [USF-XSim-96] XSim completed. Design snapshot 'top_module_behav' loaded.
INFO: [USF-XSim-97] XSim simulation ran for 1000ns
launch_simulation: Time (s): cpu = 00:00:04 ; elapsed = 00:00:06 . Memory (MB): peak = 3099.371 ; gain = 0.000
close [ open D:/LAB2_buggy_v2/LAB2_buggy.srcs/sources_1/new/testBench1.vhd w ]
add_files D:/LAB2_buggy_v2/LAB2_buggy.srcs/sources_1/new/testBench1.vhd
WARNING: [filemgmt 56-199] Attempt to get parsing info during refresh. "On-the-fly" syntax checking information may be incorrect. [D:\LAB2_buggy_v2\LAB2_buggy.srcs\sources_1\new\sub_module2.vhd:]
WARNING: [filemgmt 56-199] Attempt to get parsing info during refresh. "On-the-fly" syntax checking information may be incorrect. [D:\LAB2_buggy_v2\LAB2_buggy.srcs\sources_1\new\sub_module1.vhd:]
WARNING: [filemgmt 56-199] Attempt to get parsing info during refresh. "On-the-fly" syntax checking information may be incorrect. [D:\LAB2_buggy_v2\LAB2_buggy.srcs\sources_1\new\top_module.vhd:]
WARNING: [filemgmt 56-199] Attempt to get parsing info during refresh. "On-the-fly" syntax checking information may be incorrect. [D:\LAB2_buggy_v2\LAB2_buggy.srcs\sources_1\new\top_module.vhd:]
WARNING: [filemgmt 56-199] Attempt to get parsing info during refresh. "On-the-fly" syntax checking information may be incorrect. [D:\LAB2_buggy_v2\LAB2_buggy.srcs\sources_1\new\top_module.vhd:]
WARNING: [filemgmt 56-199] Attempt to get parsing info during refresh. "On-the-fly" syntax checking information may be incorrect. [D:\LAB2_buggy_v2\LAB2_buggy.srcs\sources_1\new\sub_module2.vhd:]
WARNING: [filemgmt 56-199] Attempt to get parsing info during refresh. "On-the-fly" syntax checking information may be incorrect. [D:\LAB2_buggy_v2\LAB2_buggy.srcs\sources_1\new\sub_module1.vhd:]
WARNING: [filemgmt 56-199] Attempt to get parsing info during refresh. "On-the-fly" syntax checking information may be incorrect. [D:\LAB2_buggy_v2\LAB2_buggy.srcs\sources_1\new\top_module.vhd:]
WARNING: [filemgmt 56-199] Attempt to get parsing info during refresh. "On-the-fly" syntax checking information may be incorrect. [D:\LAB2_buggy_v2\LAB2_buggy.srcs\sources_1\new\sub_module1.vhd:]
WARNING: [filemgmt 56-199] Attempt to get parsing info during refresh. "On-the-fly" syntax checking information may be incorrect. [D:\LAB2_buggy_v2\LAB2_buggy.srcs\sources_1\new\sub_module1.vhd:]
ERROR: [Common 17-180] Spawn failed: No error
WARNING: [filemgmt 56-199] Attempt to get parsing info during refresh. "On-the-fly" syntax checking information may be incorrect. [D:\LAB2_buggy_v2\LAB2_buggy.srcs\sources_1\new\sub_module2.vhd:]
WARNING: [filemgmt 56-199] Attempt to get parsing info during refresh. "On-the-fly" syntax checking information may be incorrect. [D:\LAB2_buggy_v2\LAB2_buggy.srcs\sources_1\new\sub_module1.vhd:]
WARNING: [filemgmt 56-199] Attempt to get parsing info during refresh. "On-the-fly" syntax checking information may be incorrect. [D:\LAB2_buggy_v2\LAB2_buggy.srcs\sources_1\new\top_module.vhd:]
WARNING: [filemgmt 56-199] Attempt to get parsing info during refresh. "On-the-fly" syntax checking information may be incorrect. [D:\LAB2_buggy_v2\LAB2_buggy.srcs\sources_1\new\sub_module1.vhd:]
WARNING: [filemgmt 56-199] Attempt to get parsing info during refresh. "On-the-fly" syntax checking information may be incorrect. [D:\LAB2_buggy_v2\LAB2_buggy.srcs\sources_1\new\sub_module1.vhd:]
update_compile_order -fileset sources_1
WARNING: [filemgmt 56-199] Attempt to get parsing info during refresh. "On-the-fly" syntax checking information may be incorrect. [D:\LAB2_buggy_v2\LAB2_buggy.srcs\sources_1\new\sub_module2.vhd:]
WARNING: [filemgmt 56-199] Attempt to get parsing info during refresh. "On-the-fly" syntax checking information may be incorrect. [D:\LAB2_buggy_v2\LAB2_buggy.srcs\sources_1\new\sub_module1.vhd:]
WARNING: [filemgmt 56-199] Attempt to get parsing info during refresh. "On-the-fly" syntax checking information may be incorrect. [D:\LAB2_buggy_v2\LAB2_buggy.srcs\sources_1\new\top_module.vhd:]
WARNING: [filemgmt 56-199] Attempt to get parsing info during refresh. "On-the-fly" syntax checking information may be incorrect. [D:\LAB2_buggy_v2\LAB2_buggy.srcs\sources_1\new\sub_module1.vhd:]
WARNING: [filemgmt 56-199] Attempt to get parsing info during refresh. "On-the-fly" syntax checking information may be incorrect. [D:\LAB2_buggy_v2\LAB2_buggy.srcs\sources_1\new\sub_module1.vhd:]
WARNING: [filemgmt 56-199] Attempt to get parsing info during refresh. "On-the-fly" syntax checking information may be incorrect. [D:\LAB2_buggy_v2\LAB2_buggy.srcs\sources_1\new\sub_module2.vhd:]
WARNING: [filemgmt 56-199] Attempt to get parsing info during refresh. "On-the-fly" syntax checking information may be incorrect. [D:\LAB2_buggy_v2\LAB2_buggy.srcs\sources_1\new\sub_module1.vhd:]
WARNING: [filemgmt 56-199] Attempt to get parsing info during refresh. "On-the-fly" syntax checking information may be incorrect. [D:\LAB2_buggy_v2\LAB2_buggy.srcs\sources_1\new\top_module.vhd:]
WARNING: [filemgmt 56-199] Attempt to get parsing info during refresh. "On-the-fly" syntax checking information may be incorrect. [D:\LAB2_buggy_v2\LAB2_buggy.srcs\sources_1\new\top_module.vhd:]
WARNING: [filemgmt 56-199] Attempt to get parsing info during refresh. "On-the-fly" syntax checking information may be incorrect. [D:\LAB2_buggy_v2\LAB2_buggy.srcs\sources_1\new\top_module.vhd:]
WARNING: [filemgmt 56-199] Attempt to get parsing info during refresh. "On-the-fly" syntax checking information may be incorrect. [D:\LAB2_buggy_v2\LAB2_buggy.srcs\sources_1\new\sub_module2.vhd:]
WARNING: [filemgmt 56-199] Attempt to get parsing info during refresh. "On-the-fly" syntax checking information may be incorrect. [D:\LAB2_buggy_v2\LAB2_buggy.srcs\sources_1\new\testBench1.vhd:]
WARNING: [filemgmt 56-199] Attempt to get parsing info during refresh. "On-the-fly" syntax checking information may be incorrect. [D:\LAB2_buggy_v2\LAB2_buggy.srcs\sources_1\new\sub_module1.vhd:]
WARNING: [filemgmt 56-199] Attempt to get parsing info during refresh. "On-the-fly" syntax checking information may be incorrect. [D:\LAB2_buggy_v2\LAB2_buggy.srcs\sources_1\new\top_module.vhd:]
WARNING: [filemgmt 56-199] Attempt to get parsing info during refresh. "On-the-fly" syntax checking information may be incorrect. [D:\LAB2_buggy_v2\LAB2_buggy.srcs\sources_1\new\sub_module1.vhd:]
WARNING: [filemgmt 56-199] Attempt to get parsing info during refresh. "On-the-fly" syntax checking information may be incorrect. [D:\LAB2_buggy_v2\LAB2_buggy.srcs\sources_1\new\sub_module1.vhd:]
WARNING: [filemgmt 56-199] Attempt to get parsing info during refresh. "On-the-fly" syntax checking information may be incorrect. [D:\LAB2_buggy_v2\LAB2_buggy.srcs\sources_1\new\sub_module2.vhd:]
WARNING: [filemgmt 56-199] Attempt to get parsing info during refresh. "On-the-fly" syntax checking information may be incorrect. [D:\LAB2_buggy_v2\LAB2_buggy.srcs\sources_1\new\testBench1.vhd:]
WARNING: [filemgmt 56-199] Attempt to get parsing info during refresh. "On-the-fly" syntax checking information may be incorrect. [D:\LAB2_buggy_v2\LAB2_buggy.srcs\sources_1\new\sub_module1.vhd:]
WARNING: [filemgmt 56-199] Attempt to get parsing info during refresh. "On-the-fly" syntax checking information may be incorrect. [D:\LAB2_buggy_v2\LAB2_buggy.srcs\sources_1\new\top_module.vhd:]
WARNING: [filemgmt 56-199] Attempt to get parsing info during refresh. "On-the-fly" syntax checking information may be incorrect. [D:\LAB2_buggy_v2\LAB2_buggy.srcs\sources_1\new\testBench1.vhd:]
WARNING: [filemgmt 56-199] Attempt to get parsing info during refresh. "On-the-fly" syntax checking information may be incorrect. [D:\LAB2_buggy_v2\LAB2_buggy.srcs\sources_1\new\testBench1.vhd:]
ERROR: [Common 17-180] Spawn failed: No error
WARNING: [filemgmt 56-199] Attempt to get parsing info during refresh. "On-the-fly" syntax checking information may be incorrect. [D:\LAB2_buggy_v2\LAB2_buggy.srcs\sources_1\new\sub_module2.vhd:]
WARNING: [filemgmt 56-199] Attempt to get parsing info during refresh. "On-the-fly" syntax checking information may be incorrect. [D:\LAB2_buggy_v2\LAB2_buggy.srcs\sources_1\new\testBench1.vhd:]
WARNING: [filemgmt 56-199] Attempt to get parsing info during refresh. "On-the-fly" syntax checking information may be incorrect. [D:\LAB2_buggy_v2\LAB2_buggy.srcs\sources_1\new\sub_module1.vhd:]
WARNING: [filemgmt 56-199] Attempt to get parsing info during refresh. "On-the-fly" syntax checking information may be incorrect. [D:\LAB2_buggy_v2\LAB2_buggy.srcs\sources_1\new\top_module.vhd:]
WARNING: [filemgmt 56-199] Attempt to get parsing info during refresh. "On-the-fly" syntax checking information may be incorrect. [D:\LAB2_buggy_v2\LAB2_buggy.srcs\sources_1\new\sub_module2.vhd:]
WARNING: [filemgmt 56-199] Attempt to get parsing info during refresh. "On-the-fly" syntax checking information may be incorrect. [D:\LAB2_buggy_v2\LAB2_buggy.srcs\sources_1\new\sub_module2.vhd:]
ERROR: [Common 17-180] Spawn failed: No error
WARNING: [filemgmt 56-199] Attempt to get parsing info during refresh. "On-the-fly" syntax checking information may be incorrect. [D:\LAB2_buggy_v2\LAB2_buggy.srcs\sources_1\new\sub_module2.vhd:]
WARNING: [filemgmt 56-199] Attempt to get parsing info during refresh. "On-the-fly" syntax checking information may be incorrect. [D:\LAB2_buggy_v2\LAB2_buggy.srcs\sources_1\new\testBench1.vhd:]
WARNING: [filemgmt 56-199] Attempt to get parsing info during refresh. "On-the-fly" syntax checking information may be incorrect. [D:\LAB2_buggy_v2\LAB2_buggy.srcs\sources_1\new\sub_module1.vhd:]
WARNING: [filemgmt 56-199] Attempt to get parsing info during refresh. "On-the-fly" syntax checking information may be incorrect. [D:\LAB2_buggy_v2\LAB2_buggy.srcs\sources_1\new\top_module.vhd:]
WARNING: [filemgmt 56-199] Attempt to get parsing info during refresh. "On-the-fly" syntax checking information may be incorrect. [D:\LAB2_buggy_v2\LAB2_buggy.srcs\sources_1\new\sub_module1.vhd:]
WARNING: [filemgmt 56-199] Attempt to get parsing info during refresh. "On-the-fly" syntax checking information may be incorrect. [D:\LAB2_buggy_v2\LAB2_buggy.srcs\sources_1\new\sub_module1.vhd:]
WARNING: [filemgmt 56-199] Attempt to get parsing info during refresh. "On-the-fly" syntax checking information may be incorrect. [D:\LAB2_buggy_v2\LAB2_buggy.srcs\sources_1\new\sub_module2.vhd:]
WARNING: [filemgmt 56-199] Attempt to get parsing info during refresh. "On-the-fly" syntax checking information may be incorrect. [D:\LAB2_buggy_v2\LAB2_buggy.srcs\sources_1\new\testBench1.vhd:]
WARNING: [filemgmt 56-199] Attempt to get parsing info during refresh. "On-the-fly" syntax checking information may be incorrect. [D:\LAB2_buggy_v2\LAB2_buggy.srcs\sources_1\new\sub_module1.vhd:]
WARNING: [filemgmt 56-199] Attempt to get parsing info during refresh. "On-the-fly" syntax checking information may be incorrect. [D:\LAB2_buggy_v2\LAB2_buggy.srcs\sources_1\new\top_module.vhd:]
WARNING: [filemgmt 56-199] Attempt to get parsing info during refresh. "On-the-fly" syntax checking information may be incorrect. [D:\LAB2_buggy_v2\LAB2_buggy.srcs\sources_1\new\testBench1.vhd:]
WARNING: [filemgmt 56-199] Attempt to get parsing info during refresh. "On-the-fly" syntax checking information may be incorrect. [D:\LAB2_buggy_v2\LAB2_buggy.srcs\sources_1\new\testBench1.vhd:]
ERROR: [Common 17-180] Spawn failed: No error
WARNING: [filemgmt 56-199] Attempt to get parsing info during refresh. "On-the-fly" syntax checking information may be incorrect. [D:\LAB2_buggy_v2\LAB2_buggy.srcs\sources_1\new\sub_module2.vhd:]
WARNING: [filemgmt 56-199] Attempt to get parsing info during refresh. "On-the-fly" syntax checking information may be incorrect. [D:\LAB2_buggy_v2\LAB2_buggy.srcs\sources_1\new\testBench1.vhd:]
WARNING: [filemgmt 56-199] Attempt to get parsing info during refresh. "On-the-fly" syntax checking information may be incorrect. [D:\LAB2_buggy_v2\LAB2_buggy.srcs\sources_1\new\sub_module1.vhd:]
WARNING: [filemgmt 56-199] Attempt to get parsing info during refresh. "On-the-fly" syntax checking information may be incorrect. [D:\LAB2_buggy_v2\LAB2_buggy.srcs\sources_1\new\top_module.vhd:]
WARNING: [filemgmt 56-199] Attempt to get parsing info during refresh. "On-the-fly" syntax checking information may be incorrect. [D:\LAB2_buggy_v2\LAB2_buggy.srcs\sources_1\new\sub_module2.vhd:]
WARNING: [filemgmt 56-199] Attempt to get parsing info during refresh. "On-the-fly" syntax checking information may be incorrect. [D:\LAB2_buggy_v2\LAB2_buggy.srcs\sources_1\new\sub_module2.vhd:]
ERROR: [Common 17-180] Spawn failed: No error
reset_run synth_1
INFO: [Project 1-1161] Replacing file D:/LAB2_buggy_v2/LAB2_buggy.srcs/utils_1/imports/synth_1/sub_module2_the_beast.dcp with file D:/LAB2_buggy_v2/LAB2_buggy.runs/synth_1/top_module.dcp
WARNING: [Vivado 12-1017] Problems encountered:
1. Failed to delete one or more files in run directory D:/LAB2_buggy_v2/LAB2_buggy.runs/synth_1

WARNING: [filemgmt 56-199] Attempt to get parsing info during refresh. "On-the-fly" syntax checking information may be incorrect. [D:\LAB2_buggy_v2\LAB2_buggy.srcs\sources_1\new\sub_module2.vhd:]
WARNING: [filemgmt 56-199] Attempt to get parsing info during refresh. "On-the-fly" syntax checking information may be incorrect. [D:\LAB2_buggy_v2\LAB2_buggy.srcs\sources_1\new\testBench1.vhd:]
WARNING: [filemgmt 56-199] Attempt to get parsing info during refresh. "On-the-fly" syntax checking information may be incorrect. [D:\LAB2_buggy_v2\LAB2_buggy.srcs\sources_1\new\sub_module1.vhd:]
WARNING: [filemgmt 56-199] Attempt to get parsing info during refresh. "On-the-fly" syntax checking information may be incorrect. [D:\LAB2_buggy_v2\LAB2_buggy.srcs\sources_1\new\top_module.vhd:]
WARNING: [filemgmt 56-199] Attempt to get parsing info during refresh. "On-the-fly" syntax checking information may be incorrect. [D:\LAB2_buggy_v2\LAB2_buggy.srcs\sources_1\new\sub_module1.vhd:]
WARNING: [filemgmt 56-199] Attempt to get parsing info during refresh. "On-the-fly" syntax checking information may be incorrect. [D:\LAB2_buggy_v2\LAB2_buggy.srcs\sources_1\new\sub_module1.vhd:]
WARNING: [filemgmt 56-199] Attempt to get parsing info during refresh. "On-the-fly" syntax checking information may be incorrect. [D:\LAB2_buggy_v2\LAB2_buggy.srcs\sources_1\new\sub_module2.vhd:]
WARNING: [filemgmt 56-199] Attempt to get parsing info during refresh. "On-the-fly" syntax checking information may be incorrect. [D:\LAB2_buggy_v2\LAB2_buggy.srcs\sources_1\new\testBench1.vhd:]
WARNING: [filemgmt 56-199] Attempt to get parsing info during refresh. "On-the-fly" syntax checking information may be incorrect. [D:\LAB2_buggy_v2\LAB2_buggy.srcs\sources_1\new\sub_module1.vhd:]
WARNING: [filemgmt 56-199] Attempt to get parsing info during refresh. "On-the-fly" syntax checking information may be incorrect. [D:\LAB2_buggy_v2\LAB2_buggy.srcs\sources_1\new\top_module.vhd:]
WARNING: [filemgmt 56-199] Attempt to get parsing info during refresh. "On-the-fly" syntax checking information may be incorrect. [D:\LAB2_buggy_v2\LAB2_buggy.srcs\sources_1\new\testBench1.vhd:]
WARNING: [filemgmt 56-199] Attempt to get parsing info during refresh. "On-the-fly" syntax checking information may be incorrect. [D:\LAB2_buggy_v2\LAB2_buggy.srcs\sources_1\new\testBench1.vhd:]
ERROR: [Common 17-180] Spawn failed: No error
WARNING: [filemgmt 56-199] Attempt to get parsing info during refresh. "On-the-fly" syntax checking information may be incorrect. [D:\LAB2_buggy_v2\LAB2_buggy.srcs\sources_1\new\sub_module2.vhd:]
WARNING: [filemgmt 56-199] Attempt to get parsing info during refresh. "On-the-fly" syntax checking information may be incorrect. [D:\LAB2_buggy_v2\LAB2_buggy.srcs\sources_1\new\testBench1.vhd:]
WARNING: [filemgmt 56-199] Attempt to get parsing info during refresh. "On-the-fly" syntax checking information may be incorrect. [D:\LAB2_buggy_v2\LAB2_buggy.srcs\sources_1\new\sub_module1.vhd:]
WARNING: [filemgmt 56-199] Attempt to get parsing info during refresh. "On-the-fly" syntax checking information may be incorrect. [D:\LAB2_buggy_v2\LAB2_buggy.srcs\sources_1\new\top_module.vhd:]
WARNING: [filemgmt 56-199] Attempt to get parsing info during refresh. "On-the-fly" syntax checking information may be incorrect. [D:\LAB2_buggy_v2\LAB2_buggy.srcs\sources_1\new\sub_module2.vhd:]
WARNING: [filemgmt 56-199] Attempt to get parsing info during refresh. "On-the-fly" syntax checking information may be incorrect. [D:\LAB2_buggy_v2\LAB2_buggy.srcs\sources_1\new\sub_module2.vhd:]
ERROR: [Common 17-180] Spawn failed: No error
launch_runs synth_1 -jobs 6
[Fri Feb 21 15:37:29 2025] Launched synth_1...
Run output will be captured here: D:/LAB2_buggy_v2/LAB2_buggy.runs/synth_1/runme.log
set_property top testBench1 [current_fileset]
WARNING: [filemgmt 56-199] Attempt to get parsing info during refresh. "On-the-fly" syntax checking information may be incorrect. [D:\LAB2_buggy_v2\LAB2_buggy.srcs\sources_1\new\sub_module2.vhd:]
WARNING: [filemgmt 56-199] Attempt to get parsing info during refresh. "On-the-fly" syntax checking information may be incorrect. [D:\LAB2_buggy_v2\LAB2_buggy.srcs\sources_1\new\testBench1.vhd:]
WARNING: [filemgmt 56-199] Attempt to get parsing info during refresh. "On-the-fly" syntax checking information may be incorrect. [D:\LAB2_buggy_v2\LAB2_buggy.srcs\sources_1\new\sub_module1.vhd:]
WARNING: [filemgmt 56-199] Attempt to get parsing info during refresh. "On-the-fly" syntax checking information may be incorrect. [D:\LAB2_buggy_v2\LAB2_buggy.srcs\sources_1\new\top_module.vhd:]
WARNING: [filemgmt 56-199] Attempt to get parsing info during refresh. "On-the-fly" syntax checking information may be incorrect. [D:\LAB2_buggy_v2\LAB2_buggy.srcs\sources_1\new\sub_module1.vhd:]
WARNING: [filemgmt 56-199] Attempt to get parsing info during refresh. "On-the-fly" syntax checking information may be incorrect. [D:\LAB2_buggy_v2\LAB2_buggy.srcs\sources_1\new\sub_module1.vhd:]
WARNING: [filemgmt 56-199] Attempt to get parsing info during refresh. "On-the-fly" syntax checking information may be incorrect. [D:\LAB2_buggy_v2\LAB2_buggy.srcs\sources_1\new\sub_module2.vhd:]
WARNING: [filemgmt 56-199] Attempt to get parsing info during refresh. "On-the-fly" syntax checking information may be incorrect. [D:\LAB2_buggy_v2\LAB2_buggy.srcs\sources_1\new\testBench1.vhd:]
WARNING: [filemgmt 56-199] Attempt to get parsing info during refresh. "On-the-fly" syntax checking information may be incorrect. [D:\LAB2_buggy_v2\LAB2_buggy.srcs\sources_1\new\sub_module1.vhd:]
WARNING: [filemgmt 56-199] Attempt to get parsing info during refresh. "On-the-fly" syntax checking information may be incorrect. [D:\LAB2_buggy_v2\LAB2_buggy.srcs\sources_1\new\top_module.vhd:]
WARNING: [filemgmt 56-199] Attempt to get parsing info during refresh. "On-the-fly" syntax checking information may be incorrect. [D:\LAB2_buggy_v2\LAB2_buggy.srcs\sources_1\new\testBench1.vhd:]
WARNING: [filemgmt 56-199] Attempt to get parsing info during refresh. "On-the-fly" syntax checking information may be incorrect. [D:\LAB2_buggy_v2\LAB2_buggy.srcs\sources_1\new\testBench1.vhd:]
WARNING: [filemgmt 56-199] Attempt to get parsing info during refresh. "On-the-fly" syntax checking information may be incorrect. [D:\LAB2_buggy_v2\LAB2_buggy.srcs\sources_1\new\sub_module2.vhd:]
WARNING: [filemgmt 56-199] Attempt to get parsing info during refresh. "On-the-fly" syntax checking information may be incorrect. [D:\LAB2_buggy_v2\LAB2_buggy.srcs\sources_1\new\testBench1.vhd:]
WARNING: [filemgmt 56-199] Attempt to get parsing info during refresh. "On-the-fly" syntax checking information may be incorrect. [D:\LAB2_buggy_v2\LAB2_buggy.srcs\sources_1\new\sub_module1.vhd:]
WARNING: [filemgmt 56-199] Attempt to get parsing info during refresh. "On-the-fly" syntax checking information may be incorrect. [D:\LAB2_buggy_v2\LAB2_buggy.srcs\sources_1\new\top_module.vhd:]
WARNING: [filemgmt 56-199] Attempt to get parsing info during refresh. "On-the-fly" syntax checking information may be incorrect. [D:\LAB2_buggy_v2\LAB2_buggy.srcs\sources_1\new\sub_module2.vhd:]
WARNING: [filemgmt 56-199] Attempt to get parsing info during refresh. "On-the-fly" syntax checking information may be incorrect. [D:\LAB2_buggy_v2\LAB2_buggy.srcs\sources_1\new\sub_module2.vhd:]
ERROR: [Common 17-180] Spawn failed: No error
update_compile_order -fileset sources_1
WARNING: [filemgmt 56-199] Attempt to get parsing info during refresh. "On-the-fly" syntax checking information may be incorrect. [D:\LAB2_buggy_v2\LAB2_buggy.srcs\sources_1\new\sub_module2.vhd:]
WARNING: [filemgmt 56-199] Attempt to get parsing info during refresh. "On-the-fly" syntax checking information may be incorrect. [D:\LAB2_buggy_v2\LAB2_buggy.srcs\sources_1\new\testBench1.vhd:]
WARNING: [filemgmt 56-199] Attempt to get parsing info during refresh. "On-the-fly" syntax checking information may be incorrect. [D:\LAB2_buggy_v2\LAB2_buggy.srcs\sources_1\new\sub_module1.vhd:]
WARNING: [filemgmt 56-199] Attempt to get parsing info during refresh. "On-the-fly" syntax checking information may be incorrect. [D:\LAB2_buggy_v2\LAB2_buggy.srcs\sources_1\new\top_module.vhd:]
WARNING: [filemgmt 56-199] Attempt to get parsing info during refresh. "On-the-fly" syntax checking information may be incorrect. [D:\LAB2_buggy_v2\LAB2_buggy.srcs\sources_1\new\sub_module1.vhd:]
WARNING: [filemgmt 56-199] Attempt to get parsing info during refresh. "On-the-fly" syntax checking information may be incorrect. [D:\LAB2_buggy_v2\LAB2_buggy.srcs\sources_1\new\sub_module1.vhd:]
WARNING: [filemgmt 56-199] Attempt to get parsing info during refresh. "On-the-fly" syntax checking information may be incorrect. [D:\LAB2_buggy_v2\LAB2_buggy.srcs\sources_1\new\sub_module2.vhd:]
WARNING: [filemgmt 56-199] Attempt to get parsing info during refresh. "On-the-fly" syntax checking information may be incorrect. [D:\LAB2_buggy_v2\LAB2_buggy.srcs\sources_1\new\testBench1.vhd:]
WARNING: [filemgmt 56-199] Attempt to get parsing info during refresh. "On-the-fly" syntax checking information may be incorrect. [D:\LAB2_buggy_v2\LAB2_buggy.srcs\sources_1\new\sub_module1.vhd:]
WARNING: [filemgmt 56-199] Attempt to get parsing info during refresh. "On-the-fly" syntax checking information may be incorrect. [D:\LAB2_buggy_v2\LAB2_buggy.srcs\sources_1\new\top_module.vhd:]
WARNING: [filemgmt 56-199] Attempt to get parsing info during refresh. "On-the-fly" syntax checking information may be incorrect. [D:\LAB2_buggy_v2\LAB2_buggy.srcs\sources_1\new\sub_module2.vhd:]
WARNING: [filemgmt 56-199] Attempt to get parsing info during refresh. "On-the-fly" syntax checking information may be incorrect. [D:\LAB2_buggy_v2\LAB2_buggy.srcs\sources_1\new\sub_module2.vhd:]
reset_run synth_1
WARNING: [Vivado 12-1017] Problems encountered:
1. Failed to delete one or more files in run directory D:/LAB2_buggy_v2/LAB2_buggy.runs/synth_1

launch_runs synth_1 -jobs 6
[Fri Feb 21 15:38:05 2025] Launched synth_1...
Run output will be captured here: D:/LAB2_buggy_v2/LAB2_buggy.runs/synth_1/runme.log
launch_runs impl_1 -jobs 6
WARNING: [Project 1-478] Design 'synth_1' is stale and will not be used when launching 'impl_1'
[Fri Feb 21 15:38:59 2025] Launched impl_1...
Run output will be captured here: D:/LAB2_buggy_v2/LAB2_buggy.runs/impl_1/runme.log
launch_simulation
Command: launch_simulation 
INFO: [Vivado 12-12493] Simulation top is 'testBench1'
WARNING: [Vivado 12-13340] Unable to auto find GCC executables from simulator install path! (path not set)
boost::filesystem::remove: Dosya baka bir ilem tarafndan kullanldndan bu ilem dosyaya eriemiyor: "D:/LAB2_buggy_v2/LAB2_buggy.sim/sim_1/behav/xsim/simulate.log"
launch_simulation
Command: launch_simulation 
INFO: [Vivado 12-12493] Simulation top is 'testBench1'
WARNING: [Vivado 12-13340] Unable to auto find GCC executables from simulator install path! (path not set)
boost::filesystem::remove: Dosya baka bir ilem tarafndan kullanldndan bu ilem dosyaya eriemiyor: "D:/LAB2_buggy_v2/LAB2_buggy.sim/sim_1/behav/xsim/simulate.log"
close_sim
INFO: [Simtcl 6-16] Simulation closed
exit
INFO: [Common 17-206] Exiting Vivado at Fri Feb 21 15:39:45 2025...
