
*** Running vivado
    with args -log testbench_alu.vds -m64 -product Vivado -mode batch -messageDb vivado.pb -notrace -source testbench_alu.tcl



****** Vivado v2024.2 (64-bit)
  **** SW Build 5239630 on Fri Nov 08 22:35:27 MST 2024
  **** IP Build 5239520 on Sun Nov 10 16:12:51 MST 2024
  **** SharedData Build 5239561 on Fri Nov 08 14:39:27 MST 2024
  **** Start of session at: Fri Mar  7 01:58:01 2025
    ** Copyright 1986-2022 Xilinx, Inc. All Rights Reserved.
    ** Copyright 2022-2024 Advanced Micro Devices, Inc. All Rights Reserved.

source testbench_alu.tcl -notrace
Command: read_checkpoint -auto_incremental -incremental D:/ee102_lab4/project_1/project_1.srcs/utils_1/imports/synth_1/testbench_alu.dcp
INFO: [Vivado 12-5825] Read reference checkpoint from D:/ee102_lab4/project_1/project_1.srcs/utils_1/imports/synth_1/testbench_alu.dcp for incremental synthesis
INFO: [Vivado 12-7989] Please ensure there are no constraint changes
Command: synth_design -top testbench_alu -part xc7a35tcpg236-1
Starting synth_design
Attempting to get a license for feature 'Synthesis' and/or device 'xc7a35t'
INFO: [Common 17-349] Got license for feature 'Synthesis' and/or device 'xc7a35t'
INFO: [Device 21-403] Loading part xc7a35tcpg236-1
INFO: [Designutils 20-5440] No compile time benefit to using incremental synthesis; A full resynthesis will be run
INFO: [Designutils 20-4379] Flow is switching to default flow due to incremental criteria not met. If you would like to alter this behaviour and have the flow terminate instead, please set the following parameter config_implementation {autoIncr.Synth.RejectBehavior Terminate}
INFO: [Synth 8-7079] Multithreading enabled for synth_design using a maximum of 2 processes.
INFO: [Synth 8-7078] Launching helper process for spawning children vivado processes
INFO: [Synth 8-7075] Helper process launched with PID 2348
---------------------------------------------------------------------------------
Starting RTL Elaboration : Time (s): cpu = 00:00:06 ; elapsed = 00:00:06 . Memory (MB): peak = 1028.332 ; gain = 467.949
---------------------------------------------------------------------------------
INFO: [Synth 8-638] synthesizing module 'testbench_alu' [D:/ee102_lab4/project_1/project_1.srcs/sources_1/new/testbench_alu.vhd:8]
INFO: [Synth 8-3491] module 'alu' declared at 'D:/ee102_lab4/project_1/project_1.srcs/sources_1/new/alu.vhd:5' bound to instance 'uut' of component 'alu' [D:/ee102_lab4/project_1/project_1.srcs/sources_1/new/testbench_alu.vhd:27]
INFO: [Synth 8-638] synthesizing module 'alu' [D:/ee102_lab4/project_1/project_1.srcs/sources_1/new/alu.vhd:14]
INFO: [Synth 8-3491] module 'adder_subtractor' declared at 'D:/ee102_lab4/project_1/project_1.srcs/sources_1/new/adder_subtractor.vhd:5' bound to instance 'U1' of component 'adder_subtractor' [D:/ee102_lab4/project_1/project_1.srcs/sources_1/new/alu.vhd:53]
INFO: [Synth 8-638] synthesizing module 'adder_subtractor' [D:/ee102_lab4/project_1/project_1.srcs/sources_1/new/adder_subtractor.vhd:14]
WARNING: [Synth 8-614] signal 'temp_result' is read in the process but is not in the sensitivity list [D:/ee102_lab4/project_1/project_1.srcs/sources_1/new/adder_subtractor.vhd:17]
INFO: [Synth 8-256] done synthesizing module 'adder_subtractor' (0#1) [D:/ee102_lab4/project_1/project_1.srcs/sources_1/new/adder_subtractor.vhd:14]
WARNING: [Synth 8-5640] Port 'carry' is missing in component declaration [D:/ee102_lab4/project_1/project_1.srcs/sources_1/new/alu.vhd:24]
INFO: [Synth 8-3491] module 'logic_unit' declared at 'D:/ee102_lab4/project_1/project_1.srcs/sources_1/new/logic_unit.vhd:6' bound to instance 'U2' of component 'logic_unit' [D:/ee102_lab4/project_1/project_1.srcs/sources_1/new/alu.vhd:56]
INFO: [Synth 8-638] synthesizing module 'logic_unit' [D:/ee102_lab4/project_1/project_1.srcs/sources_1/new/logic_unit.vhd:16]
INFO: [Synth 8-256] done synthesizing module 'logic_unit' (0#1) [D:/ee102_lab4/project_1/project_1.srcs/sources_1/new/logic_unit.vhd:16]
INFO: [Synth 8-3491] module 'arithmetic_unit' declared at 'D:/ee102_lab4/project_1/project_1.srcs/sources_1/new/arithmetic_unit.vhd:5' bound to instance 'U3' of component 'arithmetic_unit' [D:/ee102_lab4/project_1/project_1.srcs/sources_1/new/alu.vhd:59]
INFO: [Synth 8-638] synthesizing module 'arithmetic_unit' [D:/ee102_lab4/project_1/project_1.srcs/sources_1/new/arithmetic_unit.vhd:14]
WARNING: [Synth 8-614] signal 'temp_result' is read in the process but is not in the sensitivity list [D:/ee102_lab4/project_1/project_1.srcs/sources_1/new/arithmetic_unit.vhd:17]
INFO: [Synth 8-256] done synthesizing module 'arithmetic_unit' (0#1) [D:/ee102_lab4/project_1/project_1.srcs/sources_1/new/arithmetic_unit.vhd:14]
INFO: [Synth 8-3491] module 'shift_operator' declared at 'D:/ee102_lab4/project_1/project_1.srcs/sources_1/new/shift_operator.vhd:6' bound to instance 'U4' of component 'shift_operator' [D:/ee102_lab4/project_1/project_1.srcs/sources_1/new/alu.vhd:62]
INFO: [Synth 8-638] synthesizing module 'shift_operator' [D:/ee102_lab4/project_1/project_1.srcs/sources_1/new/shift_operator.vhd:16]
INFO: [Synth 8-256] done synthesizing module 'shift_operator' (0#1) [D:/ee102_lab4/project_1/project_1.srcs/sources_1/new/shift_operator.vhd:16]
INFO: [Synth 8-226] default block is never used [D:/ee102_lab4/project_1/project_1.srcs/sources_1/new/alu.vhd:71]
INFO: [Synth 8-256] done synthesizing module 'alu' (0#1) [D:/ee102_lab4/project_1/project_1.srcs/sources_1/new/alu.vhd:14]
WARNING: [Synth 8-312] ignoring unsynthesizable construct: wait statement with no conditon [D:/ee102_lab4/project_1/project_1.srcs/sources_1/new/testbench_alu.vhd:39]
INFO: [Synth 8-256] done synthesizing module 'testbench_alu' (0#1) [D:/ee102_lab4/project_1/project_1.srcs/sources_1/new/testbench_alu.vhd:8]
WARNING: [Synth 8-7129] Port A[0] in module shift_operator is either unconnected or has no load
WARNING: [Synth 8-7129] Port B[3] in module shift_operator is either unconnected or has no load
WARNING: [Synth 8-7129] Port B[2] in module shift_operator is either unconnected or has no load
WARNING: [Synth 8-7129] Port B[1] in module shift_operator is either unconnected or has no load
WARNING: [Synth 8-7129] Port B[0] in module shift_operator is either unconnected or has no load
WARNING: [Synth 8-7129] Port B[3] in module arithmetic_unit is either unconnected or has no load
WARNING: [Synth 8-7129] Port B[2] in module arithmetic_unit is either unconnected or has no load
WARNING: [Synth 8-7129] Port B[1] in module arithmetic_unit is either unconnected or has no load
WARNING: [Synth 8-7129] Port B[0] in module arithmetic_unit is either unconnected or has no load
---------------------------------------------------------------------------------
Finished RTL Elaboration : Time (s): cpu = 00:00:07 ; elapsed = 00:00:08 . Memory (MB): peak = 1135.184 ; gain = 574.801
---------------------------------------------------------------------------------
---------------------------------------------------------------------------------
Start Handling Custom Attributes
---------------------------------------------------------------------------------
---------------------------------------------------------------------------------
Finished Handling Custom Attributes : Time (s): cpu = 00:00:08 ; elapsed = 00:00:08 . Memory (MB): peak = 1135.184 ; gain = 574.801
---------------------------------------------------------------------------------
---------------------------------------------------------------------------------
Finished RTL Optimization Phase 1 : Time (s): cpu = 00:00:08 ; elapsed = 00:00:08 . Memory (MB): peak = 1135.184 ; gain = 574.801
---------------------------------------------------------------------------------
Netlist sorting complete. Time (s): cpu = 00:00:00 ; elapsed = 00:00:00 . Memory (MB): peak = 1135.184 ; gain = 0.000
INFO: [Project 1-570] Preparing netlist for logic optimization

Processing XDC Constraints
Initializing timing engine
Parsing XDC File [D:/ee102_lab4/project_1/project_1.srcs/constrs_1/new/constraints.xdc]
Finished Parsing XDC File [D:/ee102_lab4/project_1/project_1.srcs/constrs_1/new/constraints.xdc]
Completed Processing XDC Constraints

Netlist sorting complete. Time (s): cpu = 00:00:00 ; elapsed = 00:00:00.001 . Memory (MB): peak = 1181.281 ; gain = 0.000
INFO: [Project 1-111] Unisim Transformation Summary:
No Unisim elements were transformed.

Constraint Validation Runtime : Time (s): cpu = 00:00:00 ; elapsed = 00:00:00.001 . Memory (MB): peak = 1181.281 ; gain = 0.000
INFO: [Designutils 20-5440] No compile time benefit to using incremental synthesis; A full resynthesis will be run
INFO: [Designutils 20-4379] Flow is switching to default flow due to incremental criteria not met. If you would like to alter this behaviour and have the flow terminate instead, please set the following parameter config_implementation {autoIncr.Synth.RejectBehavior Terminate}
---------------------------------------------------------------------------------
Finished Constraint Validation : Time (s): cpu = 00:00:15 ; elapsed = 00:00:16 . Memory (MB): peak = 1181.281 ; gain = 620.898
---------------------------------------------------------------------------------
---------------------------------------------------------------------------------
Start Loading Part and Timing Information
---------------------------------------------------------------------------------
Loading part: xc7a35tcpg236-1
---------------------------------------------------------------------------------
Finished Loading Part and Timing Information : Time (s): cpu = 00:00:15 ; elapsed = 00:00:16 . Memory (MB): peak = 1181.281 ; gain = 620.898
---------------------------------------------------------------------------------
---------------------------------------------------------------------------------
Start Applying 'set_property' XDC Constraints
---------------------------------------------------------------------------------
---------------------------------------------------------------------------------
Finished applying 'set_property' XDC Constraints : Time (s): cpu = 00:00:15 ; elapsed = 00:00:16 . Memory (MB): peak = 1181.281 ; gain = 620.898
---------------------------------------------------------------------------------
---------------------------------------------------------------------------------
Finished RTL Optimization Phase 2 : Time (s): cpu = 00:00:15 ; elapsed = 00:00:16 . Memory (MB): peak = 1181.281 ; gain = 620.898
---------------------------------------------------------------------------------
---------------------------------------------------------------------------------
Start RTL Component Statistics 
---------------------------------------------------------------------------------
Detailed RTL Component Info : 
+---Adders : 
	   3 Input    5 Bit       Adders := 1     
	   2 Input    5 Bit       Adders := 1     
+---Muxes : 
	   2 Input    5 Bit        Muxes := 4     
	   2 Input    4 Bit        Muxes := 6     
	   2 Input    2 Bit        Muxes := 2     
	   2 Input    1 Bit        Muxes := 2     
	   4 Input    1 Bit        Muxes := 1     
---------------------------------------------------------------------------------
Finished RTL Component Statistics 
---------------------------------------------------------------------------------
---------------------------------------------------------------------------------
Start Part Resource Summary
---------------------------------------------------------------------------------
Part Resources:
DSPs: 90 (col length:60)
BRAMs: 100 (col length: RAMB18 60 RAMB36 30)
---------------------------------------------------------------------------------
Finished Part Resource Summary
---------------------------------------------------------------------------------
---------------------------------------------------------------------------------
Start Cross Boundary and Area Optimization
---------------------------------------------------------------------------------
WARNING: [Synth 8-7080] Parallel synthesis criteria is not met
---------------------------------------------------------------------------------
Finished Cross Boundary and Area Optimization : Time (s): cpu = 00:00:18 ; elapsed = 00:00:18 . Memory (MB): peak = 1181.281 ; gain = 620.898
---------------------------------------------------------------------------------
---------------------------------------------------------------------------------
Start Applying XDC Timing Constraints
---------------------------------------------------------------------------------
---------------------------------------------------------------------------------
Finished Applying XDC Timing Constraints : Time (s): cpu = 00:00:23 ; elapsed = 00:00:24 . Memory (MB): peak = 1314.086 ; gain = 753.703
---------------------------------------------------------------------------------
---------------------------------------------------------------------------------
Start Timing Optimization
---------------------------------------------------------------------------------
---------------------------------------------------------------------------------
Finished Timing Optimization : Time (s): cpu = 00:00:23 ; elapsed = 00:00:24 . Memory (MB): peak = 1314.086 ; gain = 753.703
---------------------------------------------------------------------------------
---------------------------------------------------------------------------------
Start Technology Mapping
---------------------------------------------------------------------------------
---------------------------------------------------------------------------------
Finished Technology Mapping : Time (s): cpu = 00:00:23 ; elapsed = 00:00:24 . Memory (MB): peak = 1323.688 ; gain = 763.305
---------------------------------------------------------------------------------
---------------------------------------------------------------------------------
Start IO Insertion
---------------------------------------------------------------------------------
---------------------------------------------------------------------------------
Start Flattening Before IO Insertion
---------------------------------------------------------------------------------
---------------------------------------------------------------------------------
Finished Flattening Before IO Insertion
---------------------------------------------------------------------------------
---------------------------------------------------------------------------------
Start Final Netlist Cleanup
---------------------------------------------------------------------------------
---------------------------------------------------------------------------------
Finished Final Netlist Cleanup
---------------------------------------------------------------------------------
---------------------------------------------------------------------------------
Finished IO Insertion : Time (s): cpu = 00:00:28 ; elapsed = 00:00:28 . Memory (MB): peak = 1540.422 ; gain = 980.039
---------------------------------------------------------------------------------
---------------------------------------------------------------------------------
Start Renaming Generated Instances
---------------------------------------------------------------------------------
---------------------------------------------------------------------------------
Finished Renaming Generated Instances : Time (s): cpu = 00:00:28 ; elapsed = 00:00:28 . Memory (MB): peak = 1540.422 ; gain = 980.039
---------------------------------------------------------------------------------
---------------------------------------------------------------------------------
Start Rebuilding User Hierarchy
---------------------------------------------------------------------------------
---------------------------------------------------------------------------------
Finished Rebuilding User Hierarchy : Time (s): cpu = 00:00:28 ; elapsed = 00:00:28 . Memory (MB): peak = 1540.422 ; gain = 980.039
---------------------------------------------------------------------------------
---------------------------------------------------------------------------------
Start Renaming Generated Ports
---------------------------------------------------------------------------------
---------------------------------------------------------------------------------
Finished Renaming Generated Ports : Time (s): cpu = 00:00:28 ; elapsed = 00:00:28 . Memory (MB): peak = 1540.422 ; gain = 980.039
---------------------------------------------------------------------------------
---------------------------------------------------------------------------------
Start Handling Custom Attributes
---------------------------------------------------------------------------------
---------------------------------------------------------------------------------
Finished Handling Custom Attributes : Time (s): cpu = 00:00:28 ; elapsed = 00:00:28 . Memory (MB): peak = 1540.422 ; gain = 980.039
---------------------------------------------------------------------------------
---------------------------------------------------------------------------------
Start Renaming Generated Nets
---------------------------------------------------------------------------------
---------------------------------------------------------------------------------
Finished Renaming Generated Nets : Time (s): cpu = 00:00:28 ; elapsed = 00:00:28 . Memory (MB): peak = 1540.422 ; gain = 980.039
---------------------------------------------------------------------------------
---------------------------------------------------------------------------------
Start Writing Synthesis Report
---------------------------------------------------------------------------------

Report BlackBoxes: 
+-+--------------+----------+
| |BlackBox name |Instances |
+-+--------------+----------+
+-+--------------+----------+

Report Cell Usage: 
+-+-----+------+
| |Cell |Count |
+-+-----+------+
+-+-----+------+
---------------------------------------------------------------------------------
Finished Writing Synthesis Report : Time (s): cpu = 00:00:28 ; elapsed = 00:00:28 . Memory (MB): peak = 1540.422 ; gain = 980.039
---------------------------------------------------------------------------------
Synthesis finished with 0 errors, 0 critical warnings and 1 warnings.
Synthesis Optimization Runtime : Time (s): cpu = 00:00:19 ; elapsed = 00:00:27 . Memory (MB): peak = 1540.422 ; gain = 933.941
Synthesis Optimization Complete : Time (s): cpu = 00:00:28 ; elapsed = 00:00:29 . Memory (MB): peak = 1540.422 ; gain = 980.039
INFO: [Project 1-571] Translating synthesized netlist
Netlist sorting complete. Time (s): cpu = 00:00:00 ; elapsed = 00:00:00 . Memory (MB): peak = 1540.422 ; gain = 0.000
INFO: [Project 1-570] Preparing netlist for logic optimization
INFO: [Opt 31-138] Pushed 0 inverter(s) to 0 load pin(s).
Netlist sorting complete. Time (s): cpu = 00:00:00 ; elapsed = 00:00:00 . Memory (MB): peak = 1553.301 ; gain = 0.000
INFO: [Project 1-111] Unisim Transformation Summary:
No Unisim elements were transformed.

Synth Design complete | Checksum: 97fd9742
INFO: [Common 17-83] Releasing license: Synthesis
36 Infos, 14 Warnings, 0 Critical Warnings and 0 Errors encountered.
synth_design completed successfully
synth_design: Time (s): cpu = 00:00:32 ; elapsed = 00:00:34 . Memory (MB): peak = 1553.301 ; gain = 1182.695
INFO: [Common 17-1381] The checkpoint 'D:/ee102_lab4/project_1/project_1.runs/synth_1/testbench_alu.dcp' has been generated.
INFO: [Vivado 12-24828] Executing command : report_utilization -file testbench_alu_utilization_synth.rpt -pb testbench_alu_utilization_synth.pb
INFO: [Common 17-206] Exiting Vivado at Fri Mar  7 01:58:40 2025...
