Vivado Simulator 2016.3
Copyright 1986-1999, 2001-2016 Xilinx, Inc. All Rights Reserved.
Running: C:/Xilinx/Vivado/2016.3/bin/unwrapped/win64.o/xelab.exe -wto f43780a19904474f9f4d9e1aab95c92c --debug typical --relax --mt 2 -L xil_defaultlib -L secureip --snapshot ALU_TB_behav xil_defaultlib.ALU_TB -log elaborate.log 
Using 2 slave threads.
Starting static elaboration
Completed static elaboration
Starting simulation data flow analysis
Completed simulation data flow analysis
Time Resolution for simulation is 1ps
Compiling package std.standard
Compiling package std.textio
Compiling package ieee.std_logic_1164
Compiling package ieee.std_logic_arith
Compiling package ieee.std_logic_unsigned
Compiling architecture behavioral of entity xil_defaultlib.Full_Adder [full_adder_default]
Compiling architecture structural of entity xil_defaultlib.Ripple_Carry_Adder [ripple_carry_adder_default]
Compiling architecture behavioral of entity xil_defaultlib.Subtractor [subtractor_default]
Compiling architecture behavioral of entity xil_defaultlib.Logic_Operations [logic_operations_default]
Compiling architecture behavioral of entity xil_defaultlib.Shift_Operations [shift_operations_default]
Compiling architecture behavioral of entity xil_defaultlib.ALU [alu_default]
Compiling architecture testbench of entity xil_defaultlib.alu_tb
Built simulation snapshot ALU_TB_behav
